{"/Users/shakyshane/Sites/os-browser-sync/index.js":{"path":"/Users/shakyshane/Sites/os-browser-sync/index.js","s":{"1":1,"2":1,"3":1,"4":1,"5":1,"6":1,"7":1,"8":1,"9":1,"10":1,"11":1,"12":1,"13":1,"14":4},"b":{},"f":{"1":4},"fnMap":{"1":{"name":"(anonymous_1)","line":78,"loc":{"start":{"line":78,"column":9},"end":{"line":78,"column":21}}}},"statementMap":{"1":{"start":{"line":7,"column":0},"end":{"line":7,"column":46}},"2":{"start":{"line":8,"column":0},"end":{"line":8,"column":43}},"3":{"start":{"line":9,"column":0},"end":{"line":9,"column":50}},"4":{"start":{"line":11,"column":0},"end":{"line":11,"column":38}},"5":{"start":{"line":21,"column":0},"end":{"line":21,"column":71}},"6":{"start":{"line":23,"column":0},"end":{"line":23,"column":33}},"7":{"start":{"line":24,"column":0},"end":{"line":24,"column":33}},"8":{"start":{"line":34,"column":0},"end":{"line":34,"column":68}},"9":{"start":{"line":43,"column":0},"end":{"line":43,"column":68}},"10":{"start":{"line":54,"column":0},"end":{"line":54,"column":66}},"11":{"start":{"line":63,"column":0},"end":{"line":63,"column":44}},"12":{"start":{"line":70,"column":0},"end":{"line":70,"column":64}},"13":{"start":{"line":77,"column":0},"end":{"line":81,"column":3}},"14":{"start":{"line":79,"column":8},"end":{"line":79,"column":34}}},"branchMap":{}},"/Users/shakyshane/Sites/os-browser-sync/lib/utils.js":{"path":"/Users/shakyshane/Sites/os-browser-sync/lib/utils.js","s":{"1":1,"2":1,"3":1,"4":1,"5":1,"6":1,"7":1,"8":1,"9":8,"10":8,"11":8,"12":2,"13":6,"14":1,"15":5,"16":3,"17":5,"18":50,"19":1,"20":49,"21":49,"22":49,"23":27,"24":22,"25":1,"26":21,"27":1,"28":20,"29":22,"30":56,"31":56,"32":56,"33":50,"34":50,"35":6,"36":6,"37":6,"38":1,"39":6,"40":6,"41":6,"42":26,"43":26,"44":26,"45":3,"46":26,"47":9,"48":1,"49":9,"50":26,"51":10,"52":10,"53":10,"54":10,"55":20,"56":50,"57":50,"58":50,"59":50,"60":1,"61":1,"62":50,"63":2,"64":8,"65":15,"66":25,"67":4,"68":3,"69":25,"70":4,"71":2,"72":1,"73":2,"74":1,"75":2,"76":1,"77":2,"78":2,"79":2,"80":2,"81":16,"82":3,"83":13,"84":2,"85":11,"86":27,"87":1},"b":{"1":[8,0],"2":[2,6],"3":[8,2],"4":[1,5],"5":[6,5],"6":[3,2],"7":[5,1],"8":[1,49],"9":[27,22],"10":[49,49],"11":[1,21],"12":[1,20],"13":[2,54],"14":[56,2,2],"15":[50,6],"16":[1,5],"17":[3,23],"18":[26,3],"19":[9,17],"20":[1,8],"21":[10,0],"22":[1,49],"23":[4,21],"24":[3,1],"25":[4,21],"26":[2,2],"27":[1,1],"28":[1,1],"29":[2,0],"30":[2,0],"31":[2,2],"32":[3,13],"33":[2,11]},"f":{"1":8,"2":50,"3":56,"4":26,"5":10,"6":20,"7":50,"8":2,"9":8,"10":15,"11":25,"12":2,"13":1,"14":2,"15":16,"16":27},"fnMap":{"1":{"name":"(anonymous_1)","line":18,"loc":{"start":{"line":18,"column":15},"end":{"line":18,"column":34}}},"2":{"name":"(anonymous_2)","line":42,"loc":{"start":{"line":42,"column":16},"end":{"line":42,"column":35}}},"3":{"name":"(anonymous_3)","line":70,"loc":{"start":{"line":70,"column":19},"end":{"line":70,"column":41}}},"4":{"name":"(anonymous_4)","line":100,"loc":{"start":{"line":100,"column":12},"end":{"line":100,"column":36}}},"5":{"name":"(anonymous_5)","line":126,"loc":{"start":{"line":126,"column":13},"end":{"line":126,"column":63}}},"6":{"name":"(anonymous_6)","line":145,"loc":{"start":{"line":145,"column":14},"end":{"line":145,"column":44}}},"7":{"name":"(anonymous_7)","line":153,"loc":{"start":{"line":153,"column":14},"end":{"line":153,"column":33}}},"8":{"name":"(anonymous_8)","line":170,"loc":{"start":{"line":170,"column":17},"end":{"line":170,"column":31}}},"9":{"name":"(anonymous_9)","line":178,"loc":{"start":{"line":178,"column":29},"end":{"line":178,"column":54}}},"10":{"name":"(anonymous_10)","line":185,"loc":{"start":{"line":185,"column":22},"end":{"line":185,"column":38}}},"11":{"name":"(anonymous_11)","line":193,"loc":{"start":{"line":193,"column":17},"end":{"line":193,"column":41}}},"12":{"name":"(anonymous_12)","line":205,"loc":{"start":{"line":205,"column":44},"end":{"line":205,"column":63}}},"13":{"name":"(anonymous_13)","line":221,"loc":{"start":{"line":221,"column":10},"end":{"line":221,"column":31}}},"14":{"name":"(anonymous_14)","line":229,"loc":{"start":{"line":229,"column":10},"end":{"line":229,"column":35}}},"15":{"name":"(anonymous_15)","line":243,"loc":{"start":{"line":243,"column":9},"end":{"line":243,"column":34}}},"16":{"name":"(anonymous_16)","line":252,"loc":{"start":{"line":252,"column":13},"end":{"line":252,"column":31}}}},"statementMap":{"1":{"start":{"line":4,"column":0},"end":{"line":4,"column":36}},"2":{"start":{"line":5,"column":0},"end":{"line":5,"column":33}},"3":{"start":{"line":6,"column":0},"end":{"line":6,"column":34}},"4":{"start":{"line":7,"column":0},"end":{"line":7,"column":46}},"5":{"start":{"line":8,"column":0},"end":{"line":8,"column":36}},"6":{"start":{"line":9,"column":0},"end":{"line":9,"column":42}},"7":{"start":{"line":11,"column":0},"end":{"line":11,"column":33}},"8":{"start":{"line":13,"column":0},"end":{"line":255,"column":2}},"9":{"start":{"line":20,"column":8},"end":{"line":20,"column":44}},"10":{"start":{"line":22,"column":8},"end":{"line":29,"column":9}},"11":{"start":{"line":23,"column":12},"end":{"line":25,"column":13}},"12":{"start":{"line":24,"column":16},"end":{"line":24,"column":36}},"13":{"start":{"line":26,"column":12},"end":{"line":28,"column":13}},"14":{"start":{"line":27,"column":16},"end":{"line":27,"column":29}},"15":{"start":{"line":31,"column":8},"end":{"line":33,"column":9}},"16":{"start":{"line":32,"column":12},"end":{"line":32,"column":41}},"17":{"start":{"line":35,"column":8},"end":{"line":35,"column":36}},"18":{"start":{"line":44,"column":8},"end":{"line":46,"column":9}},"19":{"start":{"line":45,"column":12},"end":{"line":45,"column":27}},"20":{"start":{"line":48,"column":8},"end":{"line":48,"column":24}},"21":{"start":{"line":49,"column":8},"end":{"line":49,"column":42}},"22":{"start":{"line":51,"column":8},"end":{"line":53,"column":9}},"23":{"start":{"line":52,"column":12},"end":{"line":52,"column":33}},"24":{"start":{"line":55,"column":8},"end":{"line":63,"column":9}},"25":{"start":{"line":56,"column":12},"end":{"line":56,"column":29}},"26":{"start":{"line":58,"column":12},"end":{"line":62,"column":13}},"27":{"start":{"line":59,"column":16},"end":{"line":59,"column":50}},"28":{"start":{"line":61,"column":16},"end":{"line":61,"column":39}},"29":{"start":{"line":65,"column":8},"end":{"line":65,"column":38}},"30":{"start":{"line":72,"column":8},"end":{"line":72,"column":22}},"31":{"start":{"line":73,"column":8},"end":{"line":73,"column":98}},"32":{"start":{"line":75,"column":8},"end":{"line":78,"column":9}},"33":{"start":{"line":76,"column":12},"end":{"line":76,"column":57}},"34":{"start":{"line":77,"column":12},"end":{"line":77,"column":24}},"35":{"start":{"line":80,"column":8},"end":{"line":80,"column":63}},"36":{"start":{"line":82,"column":8},"end":{"line":82,"column":36}},"37":{"start":{"line":84,"column":8},"end":{"line":86,"column":9}},"38":{"start":{"line":85,"column":12},"end":{"line":85,"column":36}},"39":{"start":{"line":88,"column":8},"end":{"line":88,"column":47}},"40":{"start":{"line":90,"column":8},"end":{"line":90,"column":45}},"41":{"start":{"line":92,"column":8},"end":{"line":92,"column":66}},"42":{"start":{"line":102,"column":8},"end":{"line":102,"column":25}},"43":{"start":{"line":103,"column":8},"end":{"line":103,"column":42}},"44":{"start":{"line":105,"column":8},"end":{"line":107,"column":9}},"45":{"start":{"line":106,"column":12},"end":{"line":106,"column":48}},"46":{"start":{"line":109,"column":8},"end":{"line":114,"column":9}},"47":{"start":{"line":110,"column":12},"end":{"line":112,"column":13}},"48":{"start":{"line":111,"column":16},"end":{"line":111,"column":28}},"49":{"start":{"line":113,"column":12},"end":{"line":113,"column":43}},"50":{"start":{"line":116,"column":8},"end":{"line":116,"column":19}},"51":{"start":{"line":128,"column":8},"end":{"line":130,"column":10}},"52":{"start":{"line":132,"column":8},"end":{"line":134,"column":9}},"53":{"start":{"line":133,"column":12},"end":{"line":133,"column":90}},"54":{"start":{"line":136,"column":8},"end":{"line":136,"column":20}},"55":{"start":{"line":146,"column":8},"end":{"line":146,"column":50}},"56":{"start":{"line":155,"column":8},"end":{"line":155,"column":33}},"57":{"start":{"line":156,"column":8},"end":{"line":156,"column":34}},"58":{"start":{"line":157,"column":8},"end":{"line":157,"column":16}},"59":{"start":{"line":159,"column":8},"end":{"line":162,"column":9}},"60":{"start":{"line":160,"column":12},"end":{"line":160,"column":29}},"61":{"start":{"line":161,"column":12},"end":{"line":161,"column":29}},"62":{"start":{"line":164,"column":8},"end":{"line":164,"column":50}},"63":{"start":{"line":171,"column":8},"end":{"line":171,"column":45}},"64":{"start":{"line":179,"column":8},"end":{"line":179,"column":47}},"65":{"start":{"line":186,"column":8},"end":{"line":186,"column":55}},"66":{"start":{"line":195,"column":8},"end":{"line":199,"column":9}},"67":{"start":{"line":196,"column":12},"end":{"line":198,"column":13}},"68":{"start":{"line":197,"column":16},"end":{"line":197,"column":49}},"69":{"start":{"line":201,"column":8},"end":{"line":214,"column":9}},"70":{"start":{"line":203,"column":12},"end":{"line":213,"column":13}},"71":{"start":{"line":204,"column":16},"end":{"line":210,"column":17}},"72":{"start":{"line":205,"column":20},"end":{"line":207,"column":23}},"73":{"start":{"line":206,"column":24},"end":{"line":206,"column":49}},"74":{"start":{"line":209,"column":20},"end":{"line":209,"column":53}},"75":{"start":{"line":212,"column":16},"end":{"line":212,"column":32}},"76":{"start":{"line":222,"column":8},"end":{"line":222,"column":32}},"77":{"start":{"line":230,"column":8},"end":{"line":235,"column":9}},"78":{"start":{"line":231,"column":12},"end":{"line":233,"column":13}},"79":{"start":{"line":232,"column":16},"end":{"line":232,"column":24}},"80":{"start":{"line":234,"column":12},"end":{"line":234,"column":28}},"81":{"start":{"line":244,"column":8},"end":{"line":246,"column":9}},"82":{"start":{"line":245,"column":12},"end":{"line":245,"column":36}},"83":{"start":{"line":247,"column":8},"end":{"line":249,"column":9}},"84":{"start":{"line":248,"column":12},"end":{"line":248,"column":49}},"85":{"start":{"line":250,"column":8},"end":{"line":250,"column":20}},"86":{"start":{"line":253,"column":8},"end":{"line":253,"column":64}},"87":{"start":{"line":257,"column":0},"end":{"line":257,"column":23}}},"branchMap":{"1":{"line":22,"type":"if","locations":[{"start":{"line":22,"column":8},"end":{"line":22,"column":8}},{"start":{"line":22,"column":8},"end":{"line":22,"column":8}}]},"2":{"line":23,"type":"if","locations":[{"start":{"line":23,"column":12},"end":{"line":23,"column":12}},{"start":{"line":23,"column":12},"end":{"line":23,"column":12}}]},"3":{"line":23,"type":"binary-expr","locations":[{"start":{"line":23,"column":16},"end":{"line":23,"column":28}},{"start":{"line":23,"column":32},"end":{"line":23,"column":60}}]},"4":{"line":26,"type":"if","locations":[{"start":{"line":26,"column":12},"end":{"line":26,"column":12}},{"start":{"line":26,"column":12},"end":{"line":26,"column":12}}]},"5":{"line":26,"type":"binary-expr","locations":[{"start":{"line":26,"column":16},"end":{"line":26,"column":40}},{"start":{"line":26,"column":44},"end":{"line":26,"column":50}}]},"6":{"line":31,"type":"if","locations":[{"start":{"line":31,"column":8},"end":{"line":31,"column":8}},{"start":{"line":31,"column":8},"end":{"line":31,"column":8}}]},"7":{"line":35,"type":"binary-expr","locations":[{"start":{"line":35,"column":15},"end":{"line":35,"column":26}},{"start":{"line":35,"column":30},"end":{"line":35,"column":35}}]},"8":{"line":44,"type":"if","locations":[{"start":{"line":44,"column":8},"end":{"line":44,"column":8}},{"start":{"line":44,"column":8},"end":{"line":44,"column":8}}]},"9":{"line":51,"type":"if","locations":[{"start":{"line":51,"column":8},"end":{"line":51,"column":8}},{"start":{"line":51,"column":8},"end":{"line":51,"column":8}}]},"10":{"line":51,"type":"binary-expr","locations":[{"start":{"line":51,"column":12},"end":{"line":51,"column":20}},{"start":{"line":51,"column":24},"end":{"line":51,"column":55}}]},"11":{"line":55,"type":"if","locations":[{"start":{"line":55,"column":8},"end":{"line":55,"column":8}},{"start":{"line":55,"column":8},"end":{"line":55,"column":8}}]},"12":{"line":58,"type":"if","locations":[{"start":{"line":58,"column":12},"end":{"line":58,"column":12}},{"start":{"line":58,"column":12},"end":{"line":58,"column":12}}]},"13":{"line":73,"type":"cond-expr","locations":[{"start":{"line":73,"column":81},"end":{"line":73,"column":88}},{"start":{"line":73,"column":91},"end":{"line":73,"column":97}}]},"14":{"line":73,"type":"binary-expr","locations":[{"start":{"line":73,"column":22},"end":{"line":73,"column":46}},{"start":{"line":73,"column":50},"end":{"line":73,"column":61}},{"start":{"line":73,"column":65},"end":{"line":73,"column":77}}]},"15":{"line":75,"type":"if","locations":[{"start":{"line":75,"column":8},"end":{"line":75,"column":8}},{"start":{"line":75,"column":8},"end":{"line":75,"column":8}}]},"16":{"line":84,"type":"if","locations":[{"start":{"line":84,"column":8},"end":{"line":84,"column":8}},{"start":{"line":84,"column":8},"end":{"line":84,"column":8}}]},"17":{"line":105,"type":"if","locations":[{"start":{"line":105,"column":8},"end":{"line":105,"column":8}},{"start":{"line":105,"column":8},"end":{"line":105,"column":8}}]},"18":{"line":105,"type":"binary-expr","locations":[{"start":{"line":105,"column":12},"end":{"line":105,"column":25}},{"start":{"line":105,"column":29},"end":{"line":105,"column":52}}]},"19":{"line":109,"type":"if","locations":[{"start":{"line":109,"column":8},"end":{"line":109,"column":8}},{"start":{"line":109,"column":8},"end":{"line":109,"column":8}}]},"20":{"line":110,"type":"if","locations":[{"start":{"line":110,"column":12},"end":{"line":110,"column":12}},{"start":{"line":110,"column":12},"end":{"line":110,"column":12}}]},"21":{"line":132,"type":"if","locations":[{"start":{"line":132,"column":8},"end":{"line":132,"column":8}},{"start":{"line":132,"column":8},"end":{"line":132,"column":8}}]},"22":{"line":159,"type":"if","locations":[{"start":{"line":159,"column":8},"end":{"line":159,"column":8}},{"start":{"line":159,"column":8},"end":{"line":159,"column":8}}]},"23":{"line":195,"type":"if","locations":[{"start":{"line":195,"column":8},"end":{"line":195,"column":8}},{"start":{"line":195,"column":8},"end":{"line":195,"column":8}}]},"24":{"line":196,"type":"if","locations":[{"start":{"line":196,"column":12},"end":{"line":196,"column":12}},{"start":{"line":196,"column":12},"end":{"line":196,"column":12}}]},"25":{"line":201,"type":"if","locations":[{"start":{"line":201,"column":8},"end":{"line":201,"column":8}},{"start":{"line":201,"column":8},"end":{"line":201,"column":8}}]},"26":{"line":203,"type":"if","locations":[{"start":{"line":203,"column":12},"end":{"line":203,"column":12}},{"start":{"line":203,"column":12},"end":{"line":203,"column":12}}]},"27":{"line":204,"type":"if","locations":[{"start":{"line":204,"column":16},"end":{"line":204,"column":16}},{"start":{"line":204,"column":16},"end":{"line":204,"column":16}}]},"28":{"line":222,"type":"binary-expr","locations":[{"start":{"line":222,"column":18},"end":{"line":222,"column":22}},{"start":{"line":222,"column":26},"end":{"line":222,"column":30}}]},"29":{"line":230,"type":"if","locations":[{"start":{"line":230,"column":8},"end":{"line":230,"column":8}},{"start":{"line":230,"column":8},"end":{"line":230,"column":8}}]},"30":{"line":231,"type":"if","locations":[{"start":{"line":231,"column":12},"end":{"line":231,"column":12}},{"start":{"line":231,"column":12},"end":{"line":231,"column":12}}]},"31":{"line":231,"type":"binary-expr","locations":[{"start":{"line":231,"column":16},"end":{"line":231,"column":18}},{"start":{"line":231,"column":22},"end":{"line":231,"column":38}}]},"32":{"line":244,"type":"if","locations":[{"start":{"line":244,"column":8},"end":{"line":244,"column":8}},{"start":{"line":244,"column":8},"end":{"line":244,"column":8}}]},"33":{"line":247,"type":"if","locations":[{"start":{"line":247,"column":8},"end":{"line":247,"column":8}},{"start":{"line":247,"column":8},"end":{"line":247,"column":8}}]}}},"/Users/shakyshane/Sites/os-browser-sync/lib/browser-sync.js":{"path":"/Users/shakyshane/Sites/os-browser-sync/lib/browser-sync.js","s":{"1":1,"2":1,"3":1,"4":1,"5":1,"6":1,"7":1,"8":1,"9":1,"10":1,"11":1,"12":1,"13":1,"14":2,"15":2,"16":2,"17":2,"18":2,"19":2,"20":2,"21":1,"22":11,"23":1,"24":2,"25":2,"26":2,"27":2,"28":2,"29":1,"30":52,"31":52,"32":52,"33":52,"34":52,"35":52,"36":1,"37":1,"38":1,"39":51,"40":51,"41":1,"42":1,"43":1,"44":50,"45":50,"46":1,"47":50,"48":50,"49":2,"50":2,"51":1,"52":1,"53":2,"54":48,"55":1,"56":50,"57":42,"58":50,"59":1,"60":102,"61":1,"62":2,"63":1,"64":1,"65":1,"66":1,"67":1,"68":1,"69":1,"70":1,"71":50,"72":4,"73":3,"74":1,"75":3,"76":4,"77":1,"78":1,"79":50,"80":25,"81":50,"82":50,"83":1,"84":50,"85":50,"86":350,"87":1,"88":51,"89":1,"90":50,"91":50,"92":50,"93":50,"94":10,"95":50,"96":50,"97":50,"98":50,"99":50,"100":50,"101":2,"102":1,"103":12,"104":12,"105":12,"106":12,"107":12,"108":12,"109":3,"110":3,"111":12,"112":12,"113":12,"114":12,"115":12,"116":12,"117":1},"b":{"1":[2,0],"2":[1,51],"3":[52,24],"4":[2,48],"5":[50,48],"6":[1,1],"7":[42,8],"8":[1,0],"9":[3,1],"10":[1,2],"11":[25,25],"12":[50,0],"13":[1,50],"14":[50,0],"15":[50,0],"16":[50,0],"17":[2,48],"18":[3,9]},"f":{"1":2,"2":11,"3":2,"4":2,"5":52,"6":1,"7":50,"8":50,"9":2,"10":50,"11":102,"12":2,"13":1,"14":50,"15":4,"16":4,"17":1,"18":1,"19":50,"20":1,"21":50,"22":350,"23":51,"24":10,"25":12},"fnMap":{"1":{"name":"(anonymous_1)","line":31,"loc":{"start":{"line":31,"column":18},"end":{"line":31,"column":30}}},"2":{"name":"(anonymous_2)","line":57,"loc":{"start":{"line":57,"column":39},"end":{"line":57,"column":67}}},"3":{"name":"(anonymous_3)","line":65,"loc":{"start":{"line":65,"column":38},"end":{"line":65,"column":54}}},"4":{"name":"(anonymous_4)","line":73,"loc":{"start":{"line":73,"column":15},"end":{"line":73,"column":35}}},"5":{"name":"(anonymous_5)","line":87,"loc":{"start":{"line":87,"column":29},"end":{"line":87,"column":68}}},"6":{"name":"(anonymous_6)","line":118,"loc":{"start":{"line":118,"column":36},"end":{"line":118,"column":60}}},"7":{"name":"(anonymous_7)","line":127,"loc":{"start":{"line":127,"column":38},"end":{"line":127,"column":64}}},"8":{"name":"init","line":133,"loc":{"start":{"line":133,"column":4},"end":{"line":133,"column":20}}},"9":{"name":"(anonymous_9)","line":139,"loc":{"start":{"line":139,"column":49},"end":{"line":139,"column":63}}},"10":{"name":"(anonymous_10)","line":157,"loc":{"start":{"line":157,"column":33},"end":{"line":157,"column":54}}},"11":{"name":"(anonymous_11)","line":171,"loc":{"start":{"line":171,"column":34},"end":{"line":171,"column":64}}},"12":{"name":"(anonymous_12)","line":178,"loc":{"start":{"line":178,"column":35},"end":{"line":178,"column":47}}},"13":{"name":"(anonymous_13)","line":192,"loc":{"start":{"line":192,"column":34},"end":{"line":192,"column":57}}},"14":{"name":"(anonymous_14)","line":208,"loc":{"start":{"line":208,"column":47},"end":{"line":208,"column":66}}},"15":{"name":"(anonymous_15)","line":211,"loc":{"start":{"line":211,"column":24},"end":{"line":211,"column":40}}},"16":{"name":"(anonymous_16)","line":219,"loc":{"start":{"line":219,"column":23},"end":{"line":219,"column":39}}},"17":{"name":"(anonymous_17)","line":222,"loc":{"start":{"line":222,"column":26},"end":{"line":222,"column":38}}},"18":{"name":"(anonymous_18)","line":225,"loc":{"start":{"line":225,"column":26},"end":{"line":225,"column":42}}},"19":{"name":"(anonymous_19)","line":232,"loc":{"start":{"line":232,"column":27},"end":{"line":232,"column":43}}},"20":{"name":"(anonymous_20)","line":243,"loc":{"start":{"line":243,"column":23},"end":{"line":243,"column":39}}},"21":{"name":"(anonymous_21)","line":246,"loc":{"start":{"line":246,"column":16},"end":{"line":246,"column":28}}},"22":{"name":"(anonymous_22)","line":251,"loc":{"start":{"line":251,"column":19},"end":{"line":251,"column":42}}},"23":{"name":"(anonymous_23)","line":259,"loc":{"start":{"line":259,"column":32},"end":{"line":259,"column":46}}},"24":{"name":"(anonymous_24)","line":272,"loc":{"start":{"line":272,"column":30},"end":{"line":272,"column":46}}},"25":{"name":"(anonymous_25)","line":298,"loc":{"start":{"line":298,"column":35},"end":{"line":298,"column":60}}}},"statementMap":{"1":{"start":{"line":3,"column":0},"end":{"line":3,"column":44}},"2":{"start":{"line":4,"column":0},"end":{"line":4,"column":41}},"3":{"start":{"line":5,"column":0},"end":{"line":5,"column":42}},"4":{"start":{"line":6,"column":0},"end":{"line":6,"column":44}},"5":{"start":{"line":7,"column":0},"end":{"line":7,"column":41}},"6":{"start":{"line":8,"column":0},"end":{"line":8,"column":42}},"7":{"start":{"line":10,"column":0},"end":{"line":10,"column":40}},"8":{"start":{"line":11,"column":0},"end":{"line":11,"column":47}},"9":{"start":{"line":12,"column":0},"end":{"line":12,"column":38}},"10":{"start":{"line":13,"column":0},"end":{"line":13,"column":40}},"11":{"start":{"line":14,"column":0},"end":{"line":14,"column":45}},"12":{"start":{"line":19,"column":0},"end":{"line":26,"column":2}},"13":{"start":{"line":31,"column":0},"end":{"line":50,"column":2}},"14":{"start":{"line":33,"column":4},"end":{"line":33,"column":34}},"15":{"start":{"line":34,"column":4},"end":{"line":34,"column":26}},"16":{"start":{"line":35,"column":4},"end":{"line":35,"column":27}},"17":{"start":{"line":37,"column":4},"end":{"line":37,"column":46}},"18":{"start":{"line":38,"column":4},"end":{"line":38,"column":36}},"19":{"start":{"line":40,"column":4},"end":{"line":40,"column":57}},"20":{"start":{"line":42,"column":4},"end":{"line":49,"column":6}},"21":{"start":{"line":57,"column":0},"end":{"line":59,"column":2}},"22":{"start":{"line":58,"column":4},"end":{"line":58,"column":56}},"23":{"start":{"line":65,"column":0},"end":{"line":78,"column":2}},"24":{"start":{"line":67,"column":4},"end":{"line":70,"column":6}},"25":{"start":{"line":72,"column":4},"end":{"line":77,"column":5}},"26":{"start":{"line":73,"column":8},"end":{"line":76,"column":10}},"27":{"start":{"line":74,"column":12},"end":{"line":74,"column":61}},"28":{"start":{"line":75,"column":12},"end":{"line":75,"column":33}},"29":{"start":{"line":87,"column":0},"end":{"line":112,"column":2}},"30":{"start":{"line":89,"column":4},"end":{"line":89,"column":12}},"31":{"start":{"line":90,"column":4},"end":{"line":90,"column":45}},"32":{"start":{"line":91,"column":4},"end":{"line":91,"column":17}},"33":{"start":{"line":93,"column":4},"end":{"line":93,"column":30}},"34":{"start":{"line":95,"column":4},"end":{"line":95,"column":59}},"35":{"start":{"line":98,"column":4},"end":{"line":105,"column":5}},"36":{"start":{"line":100,"column":8},"end":{"line":100,"column":81}},"37":{"start":{"line":102,"column":8},"end":{"line":102,"column":53}},"38":{"start":{"line":104,"column":8},"end":{"line":104,"column":46}},"39":{"start":{"line":107,"column":4},"end":{"line":109,"column":53}},"40":{"start":{"line":111,"column":4},"end":{"line":111,"column":16}},"41":{"start":{"line":118,"column":0},"end":{"line":121,"column":2}},"42":{"start":{"line":120,"column":4},"end":{"line":120,"column":35}},"43":{"start":{"line":127,"column":0},"end":{"line":150,"column":2}},"44":{"start":{"line":129,"column":4},"end":{"line":129,"column":20}},"45":{"start":{"line":131,"column":4},"end":{"line":131,"column":28}},"46":{"start":{"line":133,"column":4},"end":{"line":135,"column":5}},"47":{"start":{"line":134,"column":8},"end":{"line":134,"column":37}},"48":{"start":{"line":137,"column":4},"end":{"line":149,"column":5}},"49":{"start":{"line":139,"column":8},"end":{"line":146,"column":11}},"50":{"start":{"line":140,"column":12},"end":{"line":144,"column":13}},"51":{"start":{"line":141,"column":16},"end":{"line":141,"column":39}},"52":{"start":{"line":143,"column":16},"end":{"line":143,"column":38}},"53":{"start":{"line":145,"column":12},"end":{"line":145,"column":19}},"54":{"start":{"line":148,"column":8},"end":{"line":148,"column":15}},"55":{"start":{"line":157,"column":0},"end":{"line":164,"column":2}},"56":{"start":{"line":159,"column":4},"end":{"line":161,"column":5}},"57":{"start":{"line":160,"column":8},"end":{"line":160,"column":33}},"58":{"start":{"line":163,"column":4},"end":{"line":163,"column":38}},"59":{"start":{"line":171,"column":0},"end":{"line":173,"column":2}},"60":{"start":{"line":172,"column":4},"end":{"line":172,"column":60}},"61":{"start":{"line":178,"column":0},"end":{"line":180,"column":2}},"62":{"start":{"line":179,"column":4},"end":{"line":179,"column":24}},"63":{"start":{"line":185,"column":0},"end":{"line":185,"column":51}},"64":{"start":{"line":192,"column":0},"end":{"line":202,"column":2}},"65":{"start":{"line":194,"column":4},"end":{"line":194,"column":44}},"66":{"start":{"line":196,"column":4},"end":{"line":199,"column":5}},"67":{"start":{"line":197,"column":8},"end":{"line":197,"column":50}},"68":{"start":{"line":198,"column":8},"end":{"line":198,"column":91}},"69":{"start":{"line":201,"column":4},"end":{"line":201,"column":24}},"70":{"start":{"line":208,"column":0},"end":{"line":254,"column":2}},"71":{"start":{"line":210,"column":4},"end":{"line":249,"column":6}},"72":{"start":{"line":212,"column":12},"end":{"line":217,"column":13}},"73":{"start":{"line":213,"column":16},"end":{"line":215,"column":17}},"74":{"start":{"line":214,"column":20},"end":{"line":214,"column":54}},"75":{"start":{"line":216,"column":16},"end":{"line":216,"column":47}},"76":{"start":{"line":220,"column":12},"end":{"line":220,"column":54}},"77":{"start":{"line":223,"column":12},"end":{"line":223,"column":51}},"78":{"start":{"line":226,"column":12},"end":{"line":226,"column":57}},"79":{"start":{"line":234,"column":12},"end":{"line":236,"column":13}},"80":{"start":{"line":235,"column":16},"end":{"line":235,"column":53}},"81":{"start":{"line":239,"column":12},"end":{"line":241,"column":13}},"82":{"start":{"line":240,"column":16},"end":{"line":240,"column":65}},"83":{"start":{"line":244,"column":12},"end":{"line":244,"column":54}},"84":{"start":{"line":247,"column":12},"end":{"line":247,"column":31}},"85":{"start":{"line":251,"column":4},"end":{"line":253,"column":13}},"86":{"start":{"line":252,"column":8},"end":{"line":252,"column":47}},"87":{"start":{"line":259,"column":0},"end":{"line":291,"column":2}},"88":{"start":{"line":261,"column":4},"end":{"line":263,"column":5}},"89":{"start":{"line":262,"column":8},"end":{"line":262,"column":15}},"90":{"start":{"line":266,"column":4},"end":{"line":268,"column":5}},"91":{"start":{"line":267,"column":8},"end":{"line":267,"column":28}},"92":{"start":{"line":271,"column":4},"end":{"line":275,"column":5}},"93":{"start":{"line":272,"column":8},"end":{"line":274,"column":11}},"94":{"start":{"line":273,"column":12},"end":{"line":273,"column":31}},"95":{"start":{"line":278,"column":4},"end":{"line":280,"column":5}},"96":{"start":{"line":279,"column":8},"end":{"line":279,"column":41}},"97":{"start":{"line":283,"column":4},"end":{"line":283,"column":24}},"98":{"start":{"line":285,"column":4},"end":{"line":285,"column":36}},"99":{"start":{"line":286,"column":4},"end":{"line":286,"column":42}},"100":{"start":{"line":288,"column":4},"end":{"line":290,"column":5}},"101":{"start":{"line":289,"column":8},"end":{"line":289,"column":17}},"102":{"start":{"line":298,"column":0},"end":{"line":327,"column":2}},"103":{"start":{"line":300,"column":4},"end":{"line":300,"column":25}},"104":{"start":{"line":301,"column":4},"end":{"line":301,"column":43}},"105":{"start":{"line":303,"column":4},"end":{"line":303,"column":53}},"106":{"start":{"line":305,"column":4},"end":{"line":308,"column":6}},"107":{"start":{"line":310,"column":4},"end":{"line":310,"column":27}},"108":{"start":{"line":313,"column":4},"end":{"line":316,"column":5}},"109":{"start":{"line":314,"column":8},"end":{"line":314,"column":23}},"110":{"start":{"line":315,"column":8},"end":{"line":315,"column":27}},"111":{"start":{"line":318,"column":4},"end":{"line":318,"column":23}},"112":{"start":{"line":319,"column":4},"end":{"line":319,"column":20}},"113":{"start":{"line":320,"column":4},"end":{"line":320,"column":23}},"114":{"start":{"line":321,"column":4},"end":{"line":321,"column":24}},"115":{"start":{"line":324,"column":4},"end":{"line":324,"column":41}},"116":{"start":{"line":326,"column":4},"end":{"line":326,"column":15}},"117":{"start":{"line":329,"column":0},"end":{"line":329,"column":29}}},"branchMap":{"1":{"line":72,"type":"if","locations":[{"start":{"line":72,"column":4},"end":{"line":72,"column":4}},{"start":{"line":72,"column":4},"end":{"line":72,"column":4}}]},"2":{"line":98,"type":"if","locations":[{"start":{"line":98,"column":4},"end":{"line":98,"column":4}},{"start":{"line":98,"column":4},"end":{"line":98,"column":4}}]},"3":{"line":98,"type":"binary-expr","locations":[{"start":{"line":98,"column":8},"end":{"line":98,"column":22}},{"start":{"line":98,"column":26},"end":{"line":98,"column":39}}]},"4":{"line":137,"type":"if","locations":[{"start":{"line":137,"column":4},"end":{"line":137,"column":4}},{"start":{"line":137,"column":4},"end":{"line":137,"column":4}}]},"5":{"line":137,"type":"binary-expr","locations":[{"start":{"line":137,"column":8},"end":{"line":137,"column":37}},{"start":{"line":137,"column":41},"end":{"line":137,"column":75}}]},"6":{"line":140,"type":"if","locations":[{"start":{"line":140,"column":12},"end":{"line":140,"column":12}},{"start":{"line":140,"column":12},"end":{"line":140,"column":12}}]},"7":{"line":159,"type":"if","locations":[{"start":{"line":159,"column":4},"end":{"line":159,"column":4}},{"start":{"line":159,"column":4},"end":{"line":159,"column":4}}]},"8":{"line":196,"type":"if","locations":[{"start":{"line":196,"column":4},"end":{"line":196,"column":4}},{"start":{"line":196,"column":4},"end":{"line":196,"column":4}}]},"9":{"line":212,"type":"if","locations":[{"start":{"line":212,"column":12},"end":{"line":212,"column":12}},{"start":{"line":212,"column":12},"end":{"line":212,"column":12}}]},"10":{"line":213,"type":"if","locations":[{"start":{"line":213,"column":16},"end":{"line":213,"column":16}},{"start":{"line":213,"column":16},"end":{"line":213,"column":16}}]},"11":{"line":234,"type":"if","locations":[{"start":{"line":234,"column":12},"end":{"line":234,"column":12}},{"start":{"line":234,"column":12},"end":{"line":234,"column":12}}]},"12":{"line":239,"type":"if","locations":[{"start":{"line":239,"column":12},"end":{"line":239,"column":12}},{"start":{"line":239,"column":12},"end":{"line":239,"column":12}}]},"13":{"line":261,"type":"if","locations":[{"start":{"line":261,"column":4},"end":{"line":261,"column":4}},{"start":{"line":261,"column":4},"end":{"line":261,"column":4}}]},"14":{"line":266,"type":"if","locations":[{"start":{"line":266,"column":4},"end":{"line":266,"column":4}},{"start":{"line":266,"column":4},"end":{"line":266,"column":4}}]},"15":{"line":271,"type":"if","locations":[{"start":{"line":271,"column":4},"end":{"line":271,"column":4}},{"start":{"line":271,"column":4},"end":{"line":271,"column":4}}]},"16":{"line":278,"type":"if","locations":[{"start":{"line":278,"column":4},"end":{"line":278,"column":4}},{"start":{"line":278,"column":4},"end":{"line":278,"column":4}}]},"17":{"line":288,"type":"if","locations":[{"start":{"line":288,"column":4},"end":{"line":288,"column":4}},{"start":{"line":288,"column":4},"end":{"line":288,"column":4}}]},"18":{"line":313,"type":"if","locations":[{"start":{"line":313,"column":4},"end":{"line":313,"column":4}},{"start":{"line":313,"column":4},"end":{"line":313,"column":4}}]}}},"/Users/shakyshane/Sites/os-browser-sync/lib/services.js":{"path":"/Users/shakyshane/Sites/os-browser-sync/lib/services.js","s":{"1":1,"2":1,"3":50,"4":50,"5":50,"6":50,"7":50,"8":50,"9":50,"10":50,"11":50,"12":50,"13":50,"14":50,"15":50},"b":{"1":[2,48]},"f":{"1":50,"2":50},"fnMap":{"1":{"name":"(anonymous_1)","line":9,"loc":{"start":{"line":9,"column":22},"end":{"line":9,"column":41}}},"2":{"name":"(anonymous_2)","line":14,"loc":{"start":{"line":14,"column":11},"end":{"line":14,"column":30}}}},"statementMap":{"1":{"start":{"line":3,"column":0},"end":{"line":3,"column":38}},"2":{"start":{"line":9,"column":0},"end":{"line":54,"column":2}},"3":{"start":{"line":14,"column":4},"end":{"line":53,"column":20}},"4":{"start":{"line":16,"column":8},"end":{"line":16,"column":31}},"5":{"start":{"line":19,"column":8},"end":{"line":19,"column":45}},"6":{"start":{"line":22,"column":8},"end":{"line":22,"column":66}},"7":{"start":{"line":24,"column":8},"end":{"line":24,"column":80}},"8":{"start":{"line":27,"column":8},"end":{"line":27,"column":92}},"9":{"start":{"line":30,"column":8},"end":{"line":30,"column":116}},"10":{"start":{"line":33,"column":8},"end":{"line":36,"column":10}},"11":{"start":{"line":38,"column":8},"end":{"line":38,"column":88}},"12":{"start":{"line":41,"column":8},"end":{"line":45,"column":10}},"13":{"start":{"line":47,"column":8},"end":{"line":47,"column":39}},"14":{"start":{"line":49,"column":8},"end":{"line":49,"column":49}},"15":{"start":{"line":51,"column":8},"end":{"line":51,"column":34}}},"branchMap":{"1":{"line":35,"type":"cond-expr","locations":[{"start":{"line":35,"column":87},"end":{"line":35,"column":93}},{"start":{"line":35,"column":96},"end":{"line":35,"column":108}}]}}},"/Users/shakyshane/Sites/os-browser-sync/lib/hooks.js":{"path":"/Users/shakyshane/Sites/os-browser-sync/lib/hooks.js","s":{"1":1,"2":1,"3":1,"4":50,"5":50,"6":1,"7":50,"8":2,"9":2,"10":1,"11":1,"12":50,"13":23,"14":23,"15":2,"16":2,"17":1,"18":2,"19":2,"20":1,"21":1,"22":23,"23":50,"24":50,"25":50,"26":49,"27":7,"28":7,"29":7,"30":50,"31":1,"32":1,"33":50,"34":50,"35":11,"36":2,"37":50},"b":{"1":[1,1],"2":[23,21],"3":[1,1],"4":[2,0],"5":[1,0],"6":[49,1],"7":[7,42],"8":[7,0],"9":[1,49],"10":[50,43],"11":[50,0],"12":[2,9],"13":[11,4]},"f":{"1":50,"2":1,"3":50,"4":2,"5":23,"6":2,"7":2,"8":50,"9":1,"10":11},"fnMap":{"1":{"name":"(anonymous_1)","line":13,"loc":{"start":{"line":13,"column":17},"end":{"line":13,"column":40}}},"2":{"name":"(anonymous_2)","line":17,"loc":{"start":{"line":17,"column":28},"end":{"line":17,"column":52}}},"3":{"name":"(anonymous_3)","line":25,"loc":{"start":{"line":25,"column":21},"end":{"line":25,"column":52}}},"4":{"name":"(anonymous_4)","line":27,"loc":{"start":{"line":27,"column":22},"end":{"line":27,"column":38}}},"5":{"name":"(anonymous_5)","line":43,"loc":{"start":{"line":43,"column":25},"end":{"line":43,"column":51}}},"6":{"name":"(anonymous_6)","line":47,"loc":{"start":{"line":47,"column":22},"end":{"line":47,"column":38}}},"7":{"name":"(anonymous_7)","line":50,"loc":{"start":{"line":50,"column":31},"end":{"line":50,"column":46}}},"8":{"name":"(anonymous_8)","line":71,"loc":{"start":{"line":71,"column":19},"end":{"line":71,"column":45}}},"9":{"name":"(anonymous_9)","line":87,"loc":{"start":{"line":87,"column":24},"end":{"line":87,"column":44}}},"10":{"name":"(anonymous_10)","line":93,"loc":{"start":{"line":93,"column":51},"end":{"line":93,"column":73}}}},"statementMap":{"1":{"start":{"line":3,"column":0},"end":{"line":3,"column":26}},"2":{"start":{"line":4,"column":0},"end":{"line":4,"column":46}},"3":{"start":{"line":6,"column":0},"end":{"line":102,"column":2}},"4":{"start":{"line":15,"column":8},"end":{"line":15,"column":68}},"5":{"start":{"line":17,"column":8},"end":{"line":19,"column":15}},"6":{"start":{"line":18,"column":12},"end":{"line":18,"column":34}},"7":{"start":{"line":27,"column":8},"end":{"line":36,"column":17}},"8":{"start":{"line":29,"column":12},"end":{"line":29,"column":36}},"9":{"start":{"line":31,"column":12},"end":{"line":35,"column":13}},"10":{"start":{"line":32,"column":16},"end":{"line":32,"column":61}},"11":{"start":{"line":34,"column":16},"end":{"line":34,"column":42}},"12":{"start":{"line":38,"column":8},"end":{"line":38,"column":28}},"13":{"start":{"line":45,"column":8},"end":{"line":45,"column":32}},"14":{"start":{"line":47,"column":8},"end":{"line":60,"column":17}},"15":{"start":{"line":48,"column":12},"end":{"line":48,"column":36}},"16":{"start":{"line":49,"column":12},"end":{"line":59,"column":13}},"17":{"start":{"line":50,"column":16},"end":{"line":54,"column":19}},"18":{"start":{"line":51,"column":20},"end":{"line":53,"column":21}},"19":{"start":{"line":52,"column":24},"end":{"line":52,"column":42}},"20":{"start":{"line":56,"column":16},"end":{"line":58,"column":17}},"21":{"start":{"line":57,"column":20},"end":{"line":57,"column":41}},"22":{"start":{"line":62,"column":8},"end":{"line":62,"column":23}},"23":{"start":{"line":73,"column":8},"end":{"line":73,"column":26}},"24":{"start":{"line":75,"column":8},"end":{"line":75,"column":28}},"25":{"start":{"line":77,"column":8},"end":{"line":84,"column":9}},"26":{"start":{"line":78,"column":12},"end":{"line":83,"column":13}},"27":{"start":{"line":79,"column":16},"end":{"line":79,"column":41}},"28":{"start":{"line":80,"column":16},"end":{"line":82,"column":17}},"29":{"start":{"line":81,"column":20},"end":{"line":81,"column":33}},"30":{"start":{"line":86,"column":8},"end":{"line":90,"column":9}},"31":{"start":{"line":87,"column":12},"end":{"line":89,"column":15}},"32":{"start":{"line":88,"column":16},"end":{"line":88,"column":38}},"33":{"start":{"line":92,"column":8},"end":{"line":98,"column":9}},"34":{"start":{"line":93,"column":12},"end":{"line":97,"column":21}},"35":{"start":{"line":94,"column":16},"end":{"line":96,"column":17}},"36":{"start":{"line":95,"column":20},"end":{"line":95,"column":50}},"37":{"start":{"line":100,"column":8},"end":{"line":100,"column":26}}},"branchMap":{"1":{"line":31,"type":"if","locations":[{"start":{"line":31,"column":12},"end":{"line":31,"column":12}},{"start":{"line":31,"column":12},"end":{"line":31,"column":12}}]},"2":{"line":45,"type":"binary-expr","locations":[{"start":{"line":45,"column":18},"end":{"line":45,"column":25}},{"start":{"line":45,"column":29},"end":{"line":45,"column":31}}]},"3":{"line":49,"type":"if","locations":[{"start":{"line":49,"column":12},"end":{"line":49,"column":12}},{"start":{"line":49,"column":12},"end":{"line":49,"column":12}}]},"4":{"line":51,"type":"if","locations":[{"start":{"line":51,"column":20},"end":{"line":51,"column":20}},{"start":{"line":51,"column":20},"end":{"line":51,"column":20}}]},"5":{"line":56,"type":"if","locations":[{"start":{"line":56,"column":16},"end":{"line":56,"column":16}},{"start":{"line":56,"column":16},"end":{"line":56,"column":16}}]},"6":{"line":77,"type":"if","locations":[{"start":{"line":77,"column":8},"end":{"line":77,"column":8}},{"start":{"line":77,"column":8},"end":{"line":77,"column":8}}]},"7":{"line":78,"type":"if","locations":[{"start":{"line":78,"column":12},"end":{"line":78,"column":12}},{"start":{"line":78,"column":12},"end":{"line":78,"column":12}}]},"8":{"line":80,"type":"if","locations":[{"start":{"line":80,"column":16},"end":{"line":80,"column":16}},{"start":{"line":80,"column":16},"end":{"line":80,"column":16}}]},"9":{"line":86,"type":"if","locations":[{"start":{"line":86,"column":8},"end":{"line":86,"column":8}},{"start":{"line":86,"column":8},"end":{"line":86,"column":8}}]},"10":{"line":86,"type":"binary-expr","locations":[{"start":{"line":86,"column":12},"end":{"line":86,"column":18}},{"start":{"line":86,"column":22},"end":{"line":86,"column":45}}]},"11":{"line":92,"type":"if","locations":[{"start":{"line":92,"column":8},"end":{"line":92,"column":8}},{"start":{"line":92,"column":8},"end":{"line":92,"column":8}}]},"12":{"line":94,"type":"if","locations":[{"start":{"line":94,"column":16},"end":{"line":94,"column":16}},{"start":{"line":94,"column":16},"end":{"line":94,"column":16}}]},"13":{"line":94,"type":"binary-expr","locations":[{"start":{"line":94,"column":20},"end":{"line":94,"column":25}},{"start":{"line":94,"column":29},"end":{"line":94,"column":40}}]}}},"/Users/shakyshane/Sites/os-browser-sync/lib/snippet.js":{"path":"/Users/shakyshane/Sites/os-browser-sync/lib/snippet.js","s":{"1":1,"2":1,"3":1,"4":1,"5":1,"6":1,"7":1,"8":33,"9":33,"10":22,"11":3,"12":19,"13":19,"14":11,"15":40,"16":14,"17":40,"18":34,"19":34,"20":2,"21":3,"22":1,"23":1,"24":1,"25":1,"26":2,"27":29,"28":29,"29":29,"30":3,"31":3,"32":1,"33":29,"34":50,"35":50,"36":1},"b":{"1":[22,11],"2":[3,19],"3":[1,2],"4":[3,26],"5":[3,0],"6":[1,2]},"f":{"1":33,"2":40,"3":14,"4":40,"5":34,"6":2,"7":3,"8":29,"9":50},"fnMap":{"1":{"name":"(anonymous_1)","line":20,"loc":{"start":{"line":20,"column":16},"end":{"line":20,"column":44}}},"2":{"name":"(anonymous_2)","line":38,"loc":{"start":{"line":38,"column":19},"end":{"line":38,"column":38}}},"3":{"name":"(anonymous_3)","line":39,"loc":{"start":{"line":39,"column":15},"end":{"line":39,"column":28}}},"4":{"name":"(anonymous_4)","line":47,"loc":{"start":{"line":47,"column":14},"end":{"line":47,"column":33}}},"5":{"name":"(anonymous_5)","line":58,"loc":{"start":{"line":58,"column":26},"end":{"line":58,"column":57}}},"6":{"name":"(anonymous_6)","line":69,"loc":{"start":{"line":69,"column":24},"end":{"line":69,"column":55}}},"7":{"name":"(anonymous_7)","line":70,"loc":{"start":{"line":70,"column":15},"end":{"line":70,"column":41}}},"8":{"name":"(anonymous_8)","line":86,"loc":{"start":{"line":86,"column":13},"end":{"line":86,"column":41}}},"9":{"name":"(anonymous_9)","line":103,"loc":{"start":{"line":103,"column":17},"end":{"line":103,"column":42}}}},"statementMap":{"1":{"start":{"line":3,"column":0},"end":{"line":3,"column":38}},"2":{"start":{"line":4,"column":0},"end":{"line":4,"column":36}},"3":{"start":{"line":6,"column":0},"end":{"line":6,"column":41}},"4":{"start":{"line":7,"column":0},"end":{"line":7,"column":32}},"5":{"start":{"line":8,"column":0},"end":{"line":8,"column":34}},"6":{"start":{"line":9,"column":0},"end":{"line":9,"column":30}},"7":{"start":{"line":14,"column":0},"end":{"line":109,"column":2}},"8":{"start":{"line":22,"column":8},"end":{"line":22,"column":42}},"9":{"start":{"line":24,"column":8},"end":{"line":31,"column":9}},"10":{"start":{"line":26,"column":12},"end":{"line":28,"column":13}},"11":{"start":{"line":27,"column":16},"end":{"line":27,"column":28}},"12":{"start":{"line":29,"column":12},"end":{"line":29,"column":43}},"13":{"start":{"line":30,"column":12},"end":{"line":30,"column":54}},"14":{"start":{"line":32,"column":8},"end":{"line":32,"column":21}},"15":{"start":{"line":39,"column":8},"end":{"line":41,"column":10}},"16":{"start":{"line":40,"column":12},"end":{"line":40,"column":31}},"17":{"start":{"line":48,"column":8},"end":{"line":51,"column":10}},"18":{"start":{"line":60,"column":8},"end":{"line":60,"column":46}},"19":{"start":{"line":62,"column":8},"end":{"line":62,"column":41}},"20":{"start":{"line":70,"column":8},"end":{"line":79,"column":10}},"21":{"start":{"line":71,"column":12},"end":{"line":78,"column":13}},"22":{"start":{"line":72,"column":16},"end":{"line":72,"column":74}},"23":{"start":{"line":73,"column":16},"end":{"line":73,"column":35}},"24":{"start":{"line":74,"column":16},"end":{"line":74,"column":26}},"25":{"start":{"line":75,"column":16},"end":{"line":75,"column":34}},"26":{"start":{"line":77,"column":16},"end":{"line":77,"column":35}},"27":{"start":{"line":87,"column":8},"end":{"line":87,"column":43}},"28":{"start":{"line":88,"column":8},"end":{"line":88,"column":45}},"29":{"start":{"line":89,"column":8},"end":{"line":95,"column":9}},"30":{"start":{"line":90,"column":12},"end":{"line":94,"column":13}},"31":{"start":{"line":91,"column":16},"end":{"line":93,"column":17}},"32":{"start":{"line":92,"column":20},"end":{"line":92,"column":56}},"33":{"start":{"line":96,"column":8},"end":{"line":96,"column":19}},"34":{"start":{"line":105,"column":8},"end":{"line":105,"column":116}},"35":{"start":{"line":107,"column":8},"end":{"line":107,"column":61}},"36":{"start":{"line":110,"column":0},"end":{"line":110,"column":29}}},"branchMap":{"1":{"line":24,"type":"if","locations":[{"start":{"line":24,"column":8},"end":{"line":24,"column":8}},{"start":{"line":24,"column":8},"end":{"line":24,"column":8}}]},"2":{"line":26,"type":"if","locations":[{"start":{"line":26,"column":12},"end":{"line":26,"column":12}},{"start":{"line":26,"column":12},"end":{"line":26,"column":12}}]},"3":{"line":71,"type":"if","locations":[{"start":{"line":71,"column":12},"end":{"line":71,"column":12}},{"start":{"line":71,"column":12},"end":{"line":71,"column":12}}]},"4":{"line":89,"type":"if","locations":[{"start":{"line":89,"column":8},"end":{"line":89,"column":8}},{"start":{"line":89,"column":8},"end":{"line":89,"column":8}}]},"5":{"line":90,"type":"if","locations":[{"start":{"line":90,"column":12},"end":{"line":90,"column":12}},{"start":{"line":90,"column":12},"end":{"line":90,"column":12}}]},"6":{"line":91,"type":"if","locations":[{"start":{"line":91,"column":16},"end":{"line":91,"column":16}},{"start":{"line":91,"column":16},"end":{"line":91,"column":16}}]}}},"/Users/shakyshane/Sites/os-browser-sync/lib/messages.js":{"path":"/Users/shakyshane/Sites/os-browser-sync/lib/messages.js","s":{"1":1,"2":1,"3":1,"4":1,"5":1,"6":1,"7":86,"8":87,"9":87,"10":87,"11":87,"12":87,"13":87,"14":1,"15":86,"16":87,"17":1,"18":87,"19":87,"20":52,"21":52,"22":52,"23":25,"24":27,"25":52,"26":52,"27":52,"28":52,"29":52,"30":52,"31":149,"32":149,"33":149,"34":149,"35":149,"36":61,"37":88,"38":1},"b":{"1":[1,86],"2":[87,1],"3":[1,86],"4":[25,27],"5":[52,27],"6":[149,125,24],"7":[61,88]},"f":{"1":87,"2":86,"3":52,"4":149},"fnMap":{"1":{"name":"(anonymous_1)","line":15,"loc":{"start":{"line":15,"column":16},"end":{"line":15,"column":41}}},"2":{"name":"getPath","line":17,"loc":{"start":{"line":17,"column":8},"end":{"line":17,"column":41}}},"3":{"name":"(anonymous_3)","line":49,"loc":{"start":{"line":49,"column":21},"end":{"line":49,"column":46}}},"4":{"name":"(anonymous_4)","line":76,"loc":{"start":{"line":76,"column":18},"end":{"line":76,"column":43}}}},"statementMap":{"1":{"start":{"line":3,"column":0},"end":{"line":3,"column":31}},"2":{"start":{"line":4,"column":0},"end":{"line":4,"column":40}},"3":{"start":{"line":6,"column":0},"end":{"line":6,"column":33}},"4":{"start":{"line":7,"column":0},"end":{"line":7,"column":34}},"5":{"start":{"line":9,"column":0},"end":{"line":93,"column":2}},"6":{"start":{"line":17,"column":8},"end":{"line":19,"column":9}},"7":{"start":{"line":18,"column":12},"end":{"line":18,"column":47}},"8":{"start":{"line":21,"column":8},"end":{"line":21,"column":72}},"9":{"start":{"line":22,"column":8},"end":{"line":22,"column":154}},"10":{"start":{"line":23,"column":8},"end":{"line":23,"column":42}},"11":{"start":{"line":25,"column":8},"end":{"line":25,"column":52}},"12":{"start":{"line":27,"column":12},"end":{"line":27,"column":23}},"13":{"start":{"line":29,"column":8},"end":{"line":33,"column":9}},"14":{"start":{"line":30,"column":12},"end":{"line":30,"column":58}},"15":{"start":{"line":32,"column":12},"end":{"line":32,"column":47}},"16":{"start":{"line":35,"column":8},"end":{"line":37,"column":9}},"17":{"start":{"line":36,"column":12},"end":{"line":36,"column":32}},"18":{"start":{"line":39,"column":8},"end":{"line":40,"column":40}},"19":{"start":{"line":42,"column":8},"end":{"line":42,"column":24}},"20":{"start":{"line":51,"column":8},"end":{"line":51,"column":91}},"21":{"start":{"line":52,"column":8},"end":{"line":52,"column":91}},"22":{"start":{"line":55,"column":8},"end":{"line":59,"column":9}},"23":{"start":{"line":56,"column":12},"end":{"line":56,"column":107}},"24":{"start":{"line":58,"column":12},"end":{"line":58,"column":58}},"25":{"start":{"line":61,"column":8},"end":{"line":61,"column":56}},"26":{"start":{"line":62,"column":8},"end":{"line":62,"column":115}},"27":{"start":{"line":63,"column":8},"end":{"line":63,"column":109}},"28":{"start":{"line":64,"column":8},"end":{"line":64,"column":112}},"29":{"start":{"line":66,"column":8},"end":{"line":68,"column":40}},"30":{"start":{"line":70,"column":8},"end":{"line":70,"column":24}},"31":{"start":{"line":78,"column":8},"end":{"line":78,"column":84}},"32":{"start":{"line":79,"column":8},"end":{"line":79,"column":56}},"33":{"start":{"line":80,"column":8},"end":{"line":80,"column":61}},"34":{"start":{"line":82,"column":8},"end":{"line":82,"column":63}},"35":{"start":{"line":84,"column":8},"end":{"line":89,"column":9}},"36":{"start":{"line":85,"column":12},"end":{"line":88,"column":14}},"37":{"start":{"line":91,"column":8},"end":{"line":91,"column":24}},"38":{"start":{"line":95,"column":0},"end":{"line":95,"column":26}}},"branchMap":{"1":{"line":29,"type":"if","locations":[{"start":{"line":29,"column":8},"end":{"line":29,"column":8}},{"start":{"line":29,"column":8},"end":{"line":29,"column":8}}]},"2":{"line":29,"type":"binary-expr","locations":[{"start":{"line":29,"column":12},"end":{"line":29,"column":30}},{"start":{"line":29,"column":34},"end":{"line":29,"column":66}}]},"3":{"line":35,"type":"if","locations":[{"start":{"line":35,"column":8},"end":{"line":35,"column":8}},{"start":{"line":35,"column":8},"end":{"line":35,"column":8}}]},"4":{"line":55,"type":"if","locations":[{"start":{"line":55,"column":8},"end":{"line":55,"column":8}},{"start":{"line":55,"column":8},"end":{"line":55,"column":8}}]},"5":{"line":55,"type":"binary-expr","locations":[{"start":{"line":55,"column":12},"end":{"line":55,"column":27}},{"start":{"line":55,"column":31},"end":{"line":55,"column":45}}]},"6":{"line":78,"type":"binary-expr","locations":[{"start":{"line":78,"column":21},"end":{"line":78,"column":35}},{"start":{"line":78,"column":39},"end":{"line":78,"column":64}},{"start":{"line":78,"column":68},"end":{"line":78,"column":83}}]},"7":{"line":84,"type":"if","locations":[{"start":{"line":84,"column":8},"end":{"line":84,"column":8}},{"start":{"line":84,"column":8},"end":{"line":84,"column":8}}]}}},"/Users/shakyshane/Sites/os-browser-sync/lib/config.js":{"path":"/Users/shakyshane/Sites/os-browser-sync/lib/config.js","s":{"1":1,"2":1},"b":{},"f":{},"fnMap":{},"statementMap":{"1":{"start":{"line":1,"column":0},"end":{"line":1,"column":27}},"2":{"start":{"line":5,"column":0},"end":{"line":17,"column":2}}},"branchMap":{}},"/Users/shakyshane/Sites/os-browser-sync/lib/logger.js":{"path":"/Users/shakyshane/Sites/os-browser-sync/lib/logger.js","s":{"1":1,"2":1,"3":1,"4":1,"5":1,"6":1,"7":1,"8":1,"9":1,"10":1,"11":1,"12":52,"13":8,"14":6,"15":6,"16":1,"17":3,"18":1,"19":1,"20":1,"21":1,"22":2,"23":2,"24":2,"25":2,"26":2,"27":2,"28":52,"29":52,"30":52,"31":52,"32":25,"33":25,"34":24,"35":1,"36":23,"37":52,"38":2,"39":2,"40":2,"41":52,"42":25,"43":25,"44":1,"45":25,"46":1,"47":27,"48":27,"49":1,"50":52,"51":3,"52":49,"53":52,"54":468},"b":{"1":[6,2],"2":[0,1],"3":[2,0],"4":[25,27],"5":[24,1],"6":[1,23],"7":[2,50],"8":[25,27],"9":[3,49]},"f":{"1":1,"2":1,"3":52,"4":8,"5":1,"6":3,"7":1,"8":1,"9":1,"10":2,"11":52,"12":25,"13":27,"14":27,"15":52,"16":468},"fnMap":{"1":{"name":"(anonymous_1)","line":21,"loc":{"start":{"line":21,"column":27},"end":{"line":21,"column":43}}},"2":{"name":"(anonymous_2)","line":22,"loc":{"start":{"line":22,"column":24},"end":{"line":22,"column":42}}},"3":{"name":"(anonymous_3)","line":37,"loc":{"start":{"line":37,"column":21},"end":{"line":37,"column":46}}},"4":{"name":"(anonymous_4)","line":45,"loc":{"start":{"line":45,"column":19},"end":{"line":45,"column":44}}},"5":{"name":"(anonymous_5)","line":54,"loc":{"start":{"line":54,"column":20},"end":{"line":54,"column":32}}},"6":{"name":"(anonymous_6)","line":60,"loc":{"start":{"line":60,"column":22},"end":{"line":60,"column":34}}},"7":{"name":"(anonymous_7)","line":67,"loc":{"start":{"line":67,"column":20},"end":{"line":67,"column":45}}},"8":{"name":"(anonymous_8)","line":74,"loc":{"start":{"line":74,"column":19},"end":{"line":74,"column":44}}},"9":{"name":"(anonymous_9)","line":81,"loc":{"start":{"line":81,"column":22},"end":{"line":81,"column":47}}},"10":{"name":"(anonymous_10)","line":96,"loc":{"start":{"line":96,"column":24},"end":{"line":96,"column":49}}},"11":{"name":"(anonymous_11)","line":116,"loc":{"start":{"line":116,"column":23},"end":{"line":116,"column":48}}},"12":{"name":"serveFiles","line":151,"loc":{"start":{"line":151,"column":8},"end":{"line":151,"column":33}}},"13":{"name":"logUrls","line":155,"loc":{"start":{"line":155,"column":8},"end":{"line":155,"column":31}}},"14":{"name":"(anonymous_14)","line":156,"loc":{"start":{"line":156,"column":25},"end":{"line":156,"column":47}}},"15":{"name":"(anonymous_15)","line":168,"loc":{"start":{"line":168,"column":24},"end":{"line":168,"column":52}}},"16":{"name":"(anonymous_16)","line":177,"loc":{"start":{"line":177,"column":30},"end":{"line":177,"column":53}}}},"statementMap":{"1":{"start":{"line":3,"column":0},"end":{"line":3,"column":37}},"2":{"start":{"line":4,"column":0},"end":{"line":4,"column":34}},"3":{"start":{"line":6,"column":0},"end":{"line":6,"column":33}},"4":{"start":{"line":8,"column":0},"end":{"line":8,"column":37}},"5":{"start":{"line":10,"column":0},"end":{"line":13,"column":3}},"6":{"start":{"line":15,"column":0},"end":{"line":15,"column":31}},"7":{"start":{"line":21,"column":0},"end":{"line":26,"column":2}},"8":{"start":{"line":22,"column":4},"end":{"line":25,"column":7}},"9":{"start":{"line":23,"column":8},"end":{"line":23,"column":69}},"10":{"start":{"line":24,"column":8},"end":{"line":24,"column":22}},"11":{"start":{"line":31,"column":0},"end":{"line":163,"column":2}},"12":{"start":{"line":38,"column":8},"end":{"line":38,"column":41}},"13":{"start":{"line":46,"column":8},"end":{"line":49,"column":9}},"14":{"start":{"line":47,"column":12},"end":{"line":47,"column":74}},"15":{"start":{"line":48,"column":12},"end":{"line":48,"column":65}},"16":{"start":{"line":55,"column":8},"end":{"line":55,"column":35}},"17":{"start":{"line":61,"column":8},"end":{"line":61,"column":51}},"18":{"start":{"line":68,"column":8},"end":{"line":68,"column":65}},"19":{"start":{"line":75,"column":8},"end":{"line":75,"column":64}},"20":{"start":{"line":83,"column":8},"end":{"line":83,"column":35}},"21":{"start":{"line":85,"column":8},"end":{"line":89,"column":10}},"22":{"start":{"line":98,"column":8},"end":{"line":98,"column":50}},"23":{"start":{"line":99,"column":8},"end":{"line":99,"column":71}},"24":{"start":{"line":100,"column":8},"end":{"line":100,"column":28}},"25":{"start":{"line":102,"column":8},"end":{"line":104,"column":9}},"26":{"start":{"line":103,"column":12},"end":{"line":103,"column":29}},"27":{"start":{"line":106,"column":8},"end":{"line":109,"column":10}},"28":{"start":{"line":118,"column":8},"end":{"line":118,"column":32}},"29":{"start":{"line":119,"column":8},"end":{"line":119,"column":45}},"30":{"start":{"line":120,"column":8},"end":{"line":120,"column":36}},"31":{"start":{"line":122,"column":8},"end":{"line":133,"column":9}},"32":{"start":{"line":124,"column":12},"end":{"line":124,"column":34}},"33":{"start":{"line":126,"column":12},"end":{"line":132,"column":13}},"34":{"start":{"line":127,"column":16},"end":{"line":131,"column":17}},"35":{"start":{"line":128,"column":20},"end":{"line":128,"column":48}},"36":{"start":{"line":130,"column":20},"end":{"line":130,"column":40}},"37":{"start":{"line":136,"column":8},"end":{"line":141,"column":9}},"38":{"start":{"line":138,"column":12},"end":{"line":138,"column":61}},"39":{"start":{"line":139,"column":12},"end":{"line":139,"column":89}},"40":{"start":{"line":140,"column":12},"end":{"line":140,"column":34}},"41":{"start":{"line":143,"column":8},"end":{"line":149,"column":9}},"42":{"start":{"line":145,"column":12},"end":{"line":145,"column":116}},"43":{"start":{"line":146,"column":12},"end":{"line":148,"column":14}},"44":{"start":{"line":151,"column":8},"end":{"line":153,"column":9}},"45":{"start":{"line":152,"column":12},"end":{"line":152,"column":66}},"46":{"start":{"line":155,"column":8},"end":{"line":161,"column":9}},"47":{"start":{"line":156,"column":12},"end":{"line":160,"column":15}},"48":{"start":{"line":157,"column":16},"end":{"line":159,"column":27}},"49":{"start":{"line":168,"column":0},"end":{"line":180,"column":2}},"50":{"start":{"line":171,"column":4},"end":{"line":175,"column":5}},"51":{"start":{"line":172,"column":8},"end":{"line":172,"column":26}},"52":{"start":{"line":174,"column":8},"end":{"line":174,"column":42}},"53":{"start":{"line":177,"column":4},"end":{"line":179,"column":7}},"54":{"start":{"line":178,"column":8},"end":{"line":178,"column":52}}},"branchMap":{"1":{"line":46,"type":"if","locations":[{"start":{"line":46,"column":8},"end":{"line":46,"column":8}},{"start":{"line":46,"column":8},"end":{"line":46,"column":8}}]},"2":{"line":87,"type":"cond-expr","locations":[{"start":{"line":87,"column":33},"end":{"line":87,"column":36}},{"start":{"line":87,"column":39},"end":{"line":87,"column":41}}]},"3":{"line":102,"type":"if","locations":[{"start":{"line":102,"column":8},"end":{"line":102,"column":8}},{"start":{"line":102,"column":8},"end":{"line":102,"column":8}}]},"4":{"line":122,"type":"if","locations":[{"start":{"line":122,"column":8},"end":{"line":122,"column":8}},{"start":{"line":122,"column":8},"end":{"line":122,"column":8}}]},"5":{"line":126,"type":"if","locations":[{"start":{"line":126,"column":12},"end":{"line":126,"column":12}},{"start":{"line":126,"column":12},"end":{"line":126,"column":12}}]},"6":{"line":127,"type":"if","locations":[{"start":{"line":127,"column":16},"end":{"line":127,"column":16}},{"start":{"line":127,"column":16},"end":{"line":127,"column":16}}]},"7":{"line":136,"type":"if","locations":[{"start":{"line":136,"column":8},"end":{"line":136,"column":8}},{"start":{"line":136,"column":8},"end":{"line":136,"column":8}}]},"8":{"line":143,"type":"if","locations":[{"start":{"line":143,"column":8},"end":{"line":143,"column":8}},{"start":{"line":143,"column":8},"end":{"line":143,"column":8}}]},"9":{"line":171,"type":"if","locations":[{"start":{"line":171,"column":4},"end":{"line":171,"column":4}},{"start":{"line":171,"column":4},"end":{"line":171,"column":4}}]}}},"/Users/shakyshane/Sites/os-browser-sync/lib/sockets.js":{"path":"/Users/shakyshane/Sites/os-browser-sync/lib/sockets.js","s":{"1":1,"2":1,"3":1,"4":50,"5":1,"6":50,"7":50,"8":50,"9":50,"10":50,"11":1,"12":2,"13":2,"14":2,"15":2,"16":1,"17":1,"18":1,"19":1,"20":2,"21":1,"22":12,"23":50},"b":{"1":[2,0],"2":[1,0]},"f":{"1":50,"2":50,"3":2,"4":1,"5":2,"6":12},"fnMap":{"1":{"name":"(anonymous_1)","line":10,"loc":{"start":{"line":10,"column":24},"end":{"line":10,"column":60}}},"2":{"name":"(anonymous_2)","line":19,"loc":{"start":{"line":19,"column":22},"end":{"line":19,"column":58}}},"3":{"name":"handleConnection","line":39,"loc":{"start":{"line":39,"column":4},"end":{"line":39,"column":39}}},"4":{"name":"handleClientEvent","line":59,"loc":{"start":{"line":59,"column":4},"end":{"line":59,"column":52}}},"5":{"name":"addGhostMode","line":70,"loc":{"start":{"line":70,"column":4},"end":{"line":70,"column":35}}},"6":{"name":"addEvent","line":74,"loc":{"start":{"line":74,"column":8},"end":{"line":74,"column":33}}}},"statementMap":{"1":{"start":{"line":3,"column":0},"end":{"line":3,"column":35}},"2":{"start":{"line":4,"column":0},"end":{"line":4,"column":41}},"3":{"start":{"line":10,"column":0},"end":{"line":12,"column":2}},"4":{"start":{"line":11,"column":4},"end":{"line":11,"column":50}},"5":{"start":{"line":19,"column":0},"end":{"line":82,"column":2}},"6":{"start":{"line":21,"column":4},"end":{"line":21,"column":29}},"7":{"start":{"line":23,"column":4},"end":{"line":23,"column":84}},"8":{"start":{"line":26,"column":4},"end":{"line":26,"column":74}},"9":{"start":{"line":28,"column":4},"end":{"line":28,"column":40}},"10":{"start":{"line":33,"column":4},"end":{"line":33,"column":50}},"11":{"start":{"line":39,"column":4},"end":{"line":52,"column":5}},"12":{"start":{"line":42,"column":8},"end":{"line":45,"column":9}},"13":{"start":{"line":44,"column":12},"end":{"line":44,"column":33}},"14":{"start":{"line":47,"column":8},"end":{"line":47,"column":51}},"15":{"start":{"line":49,"column":8},"end":{"line":51,"column":11}},"16":{"start":{"line":59,"column":4},"end":{"line":65,"column":5}},"17":{"start":{"line":61,"column":8},"end":{"line":64,"column":9}},"18":{"start":{"line":63,"column":12},"end":{"line":63,"column":47}},"19":{"start":{"line":70,"column":4},"end":{"line":78,"column":5}},"20":{"start":{"line":72,"column":8},"end":{"line":72,"column":39}},"21":{"start":{"line":74,"column":8},"end":{"line":77,"column":9}},"22":{"start":{"line":76,"column":12},"end":{"line":76,"column":74}},"23":{"start":{"line":81,"column":4},"end":{"line":81,"column":14}}},"branchMap":{"1":{"line":42,"type":"if","locations":[{"start":{"line":42,"column":8},"end":{"line":42,"column":8}},{"start":{"line":42,"column":8},"end":{"line":42,"column":8}}]},"2":{"line":61,"type":"if","locations":[{"start":{"line":61,"column":8},"end":{"line":61,"column":8}},{"start":{"line":61,"column":8},"end":{"line":61,"column":8}}]}}},"/Users/shakyshane/Sites/os-browser-sync/lib/file-watcher.js":{"path":"/Users/shakyshane/Sites/os-browser-sync/lib/file-watcher.js","s":{"1":1,"2":1,"3":1,"4":52,"5":52,"6":52,"7":12,"8":1,"9":1,"10":52},"b":{"1":[52,51,51]},"f":{"1":52,"2":12,"3":1},"fnMap":{"1":{"name":"(anonymous_1)","line":10,"loc":{"start":{"line":10,"column":24},"end":{"line":10,"column":59}}},"2":{"name":"(anonymous_2)","line":17,"loc":{"start":{"line":17,"column":18},"end":{"line":17,"column":45}}},"3":{"name":"(anonymous_3)","line":21,"loc":{"start":{"line":21,"column":53},"end":{"line":21,"column":69}}}},"statementMap":{"1":{"start":{"line":3,"column":0},"end":{"line":3,"column":42}},"2":{"start":{"line":4,"column":0},"end":{"line":4,"column":36}},"3":{"start":{"line":10,"column":0},"end":{"line":29,"column":2}},"4":{"start":{"line":13,"column":4},"end":{"line":13,"column":74}},"5":{"start":{"line":15,"column":4},"end":{"line":15,"column":22}},"6":{"start":{"line":17,"column":4},"end":{"line":26,"column":7}},"7":{"start":{"line":19,"column":8},"end":{"line":25,"column":10}},"8":{"start":{"line":22,"column":16},"end":{"line":22,"column":43}},"9":{"start":{"line":23,"column":16},"end":{"line":23,"column":51}},"10":{"start":{"line":28,"column":4},"end":{"line":28,"column":20}}},"branchMap":{"1":{"line":13,"type":"binary-expr","locations":[{"start":{"line":13,"column":23},"end":{"line":13,"column":43}},{"start":{"line":13,"column":47},"end":{"line":13,"column":67}},{"start":{"line":13,"column":71},"end":{"line":13,"column":73}}]}}},"/Users/shakyshane/Sites/os-browser-sync/lib/server/index.js":{"path":"/Users/shakyshane/Sites/os-browser-sync/lib/server/index.js","s":{"1":1,"2":1,"3":1,"4":1,"5":1,"6":1,"7":1,"8":1,"9":1,"10":1,"11":1,"12":1,"13":1,"14":50,"15":50,"16":50,"17":50,"18":50,"19":50,"20":50,"21":50,"22":50,"23":23,"24":50,"25":50,"26":48,"27":50,"28":2,"29":50,"30":50,"31":50,"32":25,"33":1,"34":24,"35":25,"36":1,"37":50,"38":1,"39":50,"40":50,"41":1,"42":61,"43":61,"44":61,"45":61,"46":61,"47":25,"48":36,"49":2,"50":34,"51":34,"52":1,"53":34,"54":34,"55":34,"56":34,"57":34,"58":34,"59":34,"60":34,"61":34,"62":34,"63":26,"64":26,"65":34,"66":2,"67":34,"68":34,"69":34,"70":1,"71":34,"72":2,"73":2,"74":2,"75":32,"76":1,"77":25,"78":25,"79":25,"80":25,"81":1,"82":2,"83":1,"84":1,"85":2,"86":1,"87":2,"88":2,"89":1,"90":2,"91":1,"92":1,"93":2,"94":1,"95":1,"96":1,"97":1,"98":1,"99":1},"b":{"1":[50,48],"2":[50,48],"3":[50,27],"4":[50,27],"5":[50,27],"6":[23,27],"7":[23,21],"8":[48,2],"9":[50,27],"10":[23,25],"11":[2,48],"12":[50,0],"13":[25,25],"14":[50,50,27],"15":[1,24],"16":[25,1],"17":[1,49],"18":[50,0],"19":[1,49],"20":[61,59],"21":[61,27],"22":[25,36],"23":[61,59],"24":[2,34],"25":[34,0],"26":[34,29],"27":[2,32],"28":[1,33],"29":[2,32],"30":[2,2],"31":[2,2],"32":[1,0],"33":[1,1],"34":[1,0],"35":[1,0]},"f":{"1":50,"2":50,"3":61,"4":34,"5":26,"6":25,"7":2,"8":1,"9":0,"10":2,"11":2,"12":1,"13":1,"14":1,"15":1},"fnMap":{"1":{"name":"(anonymous_1)","line":19,"loc":{"start":{"line":19,"column":24},"end":{"line":19,"column":47}}},"2":{"name":"finished","line":63,"loc":{"start":{"line":63,"column":4},"end":{"line":63,"column":35}}},"3":{"name":"(anonymous_3)","line":88,"loc":{"start":{"line":88,"column":30},"end":{"line":88,"column":62}}},"4":{"name":"createServer","line":115,"loc":{"start":{"line":115,"column":0},"end":{"line":115,"column":49}}},"5":{"name":"(anonymous_5)","line":132,"loc":{"start":{"line":132,"column":12},"end":{"line":132,"column":38}}},"6":{"name":"createSnippetServer","line":166,"loc":{"start":{"line":166,"column":0},"end":{"line":166,"column":56}}},"7":{"name":"(anonymous_7)","line":183,"loc":{"start":{"line":183,"column":29},"end":{"line":183,"column":60}}},"8":{"name":"(anonymous_8)","line":185,"loc":{"start":{"line":185,"column":44},"end":{"line":185,"column":59}}},"9":{"name":"(anonymous_9)","line":199,"loc":{"start":{"line":199,"column":8},"end":{"line":199,"column":18}}},"10":{"name":"(anonymous_10)","line":207,"loc":{"start":{"line":207,"column":34},"end":{"line":207,"column":54}}},"11":{"name":"logError","line":212,"loc":{"start":{"line":212,"column":4},"end":{"line":212,"column":24}}},"12":{"name":"(anonymous_12)","line":219,"loc":{"start":{"line":219,"column":38},"end":{"line":219,"column":53}}},"13":{"name":"(anonymous_13)","line":220,"loc":{"start":{"line":220,"column":23},"end":{"line":220,"column":39}}},"14":{"name":"(anonymous_14)","line":223,"loc":{"start":{"line":223,"column":19},"end":{"line":223,"column":34}}},"15":{"name":"(anonymous_15)","line":227,"loc":{"start":{"line":227,"column":19},"end":{"line":227,"column":31}}}},"statementMap":{"1":{"start":{"line":3,"column":0},"end":{"line":3,"column":44}},"2":{"start":{"line":4,"column":0},"end":{"line":4,"column":49}},"3":{"start":{"line":5,"column":0},"end":{"line":5,"column":41}},"4":{"start":{"line":6,"column":0},"end":{"line":6,"column":41}},"5":{"start":{"line":7,"column":0},"end":{"line":7,"column":33}},"6":{"start":{"line":8,"column":0},"end":{"line":8,"column":40}},"7":{"start":{"line":9,"column":0},"end":{"line":9,"column":38}},"8":{"start":{"line":10,"column":0},"end":{"line":10,"column":37}},"9":{"start":{"line":11,"column":0},"end":{"line":11,"column":35}},"10":{"start":{"line":12,"column":0},"end":{"line":12,"column":36}},"11":{"start":{"line":13,"column":0},"end":{"line":13,"column":35}},"12":{"start":{"line":14,"column":0},"end":{"line":14,"column":33}},"13":{"start":{"line":19,"column":0},"end":{"line":79,"column":2}},"14":{"start":{"line":21,"column":4},"end":{"line":21,"column":29}},"15":{"start":{"line":22,"column":4},"end":{"line":22,"column":43}},"16":{"start":{"line":23,"column":4},"end":{"line":23,"column":43}},"17":{"start":{"line":24,"column":4},"end":{"line":24,"column":43}},"18":{"start":{"line":26,"column":4},"end":{"line":26,"column":41}},"19":{"start":{"line":27,"column":4},"end":{"line":27,"column":66}},"20":{"start":{"line":28,"column":4},"end":{"line":28,"column":31}},"21":{"start":{"line":29,"column":4},"end":{"line":29,"column":31}},"22":{"start":{"line":31,"column":4},"end":{"line":33,"column":5}},"23":{"start":{"line":32,"column":8},"end":{"line":32,"column":106}},"24":{"start":{"line":35,"column":4},"end":{"line":35,"column":64}},"25":{"start":{"line":37,"column":4},"end":{"line":40,"column":5}},"26":{"start":{"line":39,"column":8},"end":{"line":39,"column":45}},"27":{"start":{"line":42,"column":4},"end":{"line":45,"column":5}},"28":{"start":{"line":44,"column":8},"end":{"line":44,"column":23}},"29":{"start":{"line":47,"column":4},"end":{"line":49,"column":5}},"30":{"start":{"line":48,"column":8},"end":{"line":48,"column":50}},"31":{"start":{"line":53,"column":4},"end":{"line":61,"column":5}},"32":{"start":{"line":54,"column":8},"end":{"line":58,"column":9}},"33":{"start":{"line":55,"column":12},"end":{"line":55,"column":71}},"34":{"start":{"line":57,"column":12},"end":{"line":57,"column":41}},"35":{"start":{"line":60,"column":8},"end":{"line":60,"column":24}},"36":{"start":{"line":63,"column":4},"end":{"line":76,"column":5}},"37":{"start":{"line":65,"column":8},"end":{"line":67,"column":9}},"38":{"start":{"line":66,"column":12},"end":{"line":66,"column":41}},"39":{"start":{"line":69,"column":8},"end":{"line":75,"column":11}},"40":{"start":{"line":78,"column":4},"end":{"line":78,"column":20}},"41":{"start":{"line":88,"column":0},"end":{"line":107,"column":2}},"42":{"start":{"line":90,"column":4},"end":{"line":90,"column":41}},"43":{"start":{"line":91,"column":4},"end":{"line":91,"column":41}},"44":{"start":{"line":93,"column":4},"end":{"line":93,"column":69}},"45":{"start":{"line":94,"column":4},"end":{"line":94,"column":63}},"46":{"start":{"line":96,"column":4},"end":{"line":98,"column":5}},"47":{"start":{"line":97,"column":8},"end":{"line":97,"column":57}},"48":{"start":{"line":100,"column":4},"end":{"line":102,"column":5}},"49":{"start":{"line":101,"column":8},"end":{"line":101,"column":57}},"50":{"start":{"line":104,"column":4},"end":{"line":106,"column":5}},"51":{"start":{"line":105,"column":8},"end":{"line":105,"column":50}},"52":{"start":{"line":115,"column":0},"end":{"line":158,"column":1}},"53":{"start":{"line":117,"column":4},"end":{"line":117,"column":36}},"54":{"start":{"line":118,"column":4},"end":{"line":118,"column":39}},"55":{"start":{"line":119,"column":4},"end":{"line":119,"column":51}},"56":{"start":{"line":121,"column":4},"end":{"line":121,"column":30}},"57":{"start":{"line":123,"column":4},"end":{"line":123,"column":19}},"58":{"start":{"line":125,"column":4},"end":{"line":125,"column":41}},"59":{"start":{"line":127,"column":4},"end":{"line":127,"column":34}},"60":{"start":{"line":128,"column":4},"end":{"line":128,"column":30}},"61":{"start":{"line":130,"column":4},"end":{"line":130,"column":41}},"62":{"start":{"line":132,"column":4},"end":{"line":137,"column":44}},"63":{"start":{"line":133,"column":8},"end":{"line":133,"column":34}},"64":{"start":{"line":134,"column":8},"end":{"line":134,"column":22}},"65":{"start":{"line":139,"column":4},"end":{"line":141,"column":5}},"66":{"start":{"line":140,"column":8},"end":{"line":140,"column":48}},"67":{"start":{"line":143,"column":4},"end":{"line":143,"column":64}},"68":{"start":{"line":145,"column":4},"end":{"line":145,"column":49}},"69":{"start":{"line":147,"column":4},"end":{"line":149,"column":5}},"70":{"start":{"line":148,"column":8},"end":{"line":148,"column":44}},"71":{"start":{"line":151,"column":4},"end":{"line":157,"column":5}},"72":{"start":{"line":152,"column":8},"end":{"line":152,"column":83}},"73":{"start":{"line":153,"column":8},"end":{"line":153,"column":85}},"74":{"start":{"line":154,"column":8},"end":{"line":154,"column":77}},"75":{"start":{"line":156,"column":8},"end":{"line":156,"column":38}},"76":{"start":{"line":166,"column":0},"end":{"line":175,"column":1}},"77":{"start":{"line":168,"column":4},"end":{"line":168,"column":38}},"78":{"start":{"line":169,"column":4},"end":{"line":169,"column":30}},"79":{"start":{"line":171,"column":4},"end":{"line":172,"column":48}},"80":{"start":{"line":174,"column":4},"end":{"line":174,"column":34}},"81":{"start":{"line":183,"column":0},"end":{"line":201,"column":2}},"82":{"start":{"line":185,"column":4},"end":{"line":189,"column":7}},"83":{"start":{"line":186,"column":8},"end":{"line":188,"column":9}},"84":{"start":{"line":187,"column":12},"end":{"line":187,"column":54}},"85":{"start":{"line":191,"column":4},"end":{"line":200,"column":6}},"86":{"start":{"line":207,"column":0},"end":{"line":232,"column":2}},"87":{"start":{"line":209,"column":4},"end":{"line":209,"column":21}},"88":{"start":{"line":210,"column":4},"end":{"line":210,"column":24}},"89":{"start":{"line":212,"column":4},"end":{"line":217,"column":5}},"90":{"start":{"line":213,"column":8},"end":{"line":216,"column":9}},"91":{"start":{"line":214,"column":12},"end":{"line":214,"column":72}},"92":{"start":{"line":215,"column":12},"end":{"line":215,"column":27}},"93":{"start":{"line":219,"column":4},"end":{"line":231,"column":7}},"94":{"start":{"line":220,"column":8},"end":{"line":222,"column":11}},"95":{"start":{"line":221,"column":12},"end":{"line":221,"column":30}},"96":{"start":{"line":224,"column":8},"end":{"line":226,"column":9}},"97":{"start":{"line":225,"column":12},"end":{"line":225,"column":23}},"98":{"start":{"line":228,"column":8},"end":{"line":230,"column":9}},"99":{"start":{"line":229,"column":12},"end":{"line":229,"column":23}}},"branchMap":{"1":{"line":22,"type":"binary-expr","locations":[{"start":{"line":22,"column":18},"end":{"line":22,"column":31}},{"start":{"line":22,"column":37},"end":{"line":22,"column":42}}]},"2":{"line":23,"type":"binary-expr","locations":[{"start":{"line":23,"column":18},"end":{"line":23,"column":31}},{"start":{"line":23,"column":37},"end":{"line":23,"column":42}}]},"3":{"line":24,"type":"binary-expr","locations":[{"start":{"line":24,"column":18},"end":{"line":24,"column":32}},{"start":{"line":24,"column":37},"end":{"line":24,"column":42}}]},"4":{"line":26,"type":"binary-expr","locations":[{"start":{"line":26,"column":22},"end":{"line":26,"column":29}},{"start":{"line":26,"column":33},"end":{"line":26,"column":39}}]},"5":{"line":27,"type":"binary-expr","locations":[{"start":{"line":27,"column":42},"end":{"line":27,"column":56}},{"start":{"line":27,"column":60},"end":{"line":27,"column":64}}]},"6":{"line":31,"type":"if","locations":[{"start":{"line":31,"column":4},"end":{"line":31,"column":4}},{"start":{"line":31,"column":4},"end":{"line":31,"column":4}}]},"7":{"line":32,"type":"binary-expr","locations":[{"start":{"line":32,"column":79},"end":{"line":32,"column":96}},{"start":{"line":32,"column":100},"end":{"line":32,"column":104}}]},"8":{"line":37,"type":"if","locations":[{"start":{"line":37,"column":4},"end":{"line":37,"column":4}},{"start":{"line":37,"column":4},"end":{"line":37,"column":4}}]},"9":{"line":37,"type":"binary-expr","locations":[{"start":{"line":37,"column":8},"end":{"line":37,"column":14}},{"start":{"line":37,"column":18},"end":{"line":37,"column":25}}]},"10":{"line":39,"type":"cond-expr","locations":[{"start":{"line":39,"column":24},"end":{"line":39,"column":32}},{"start":{"line":39,"column":35},"end":{"line":39,"column":44}}]},"11":{"line":42,"type":"if","locations":[{"start":{"line":42,"column":4},"end":{"line":42,"column":4}},{"start":{"line":42,"column":4},"end":{"line":42,"column":4}}]},"12":{"line":47,"type":"if","locations":[{"start":{"line":47,"column":4},"end":{"line":47,"column":4}},{"start":{"line":47,"column":4},"end":{"line":47,"column":4}}]},"13":{"line":53,"type":"if","locations":[{"start":{"line":53,"column":4},"end":{"line":53,"column":4}},{"start":{"line":53,"column":4},"end":{"line":53,"column":4}}]},"14":{"line":53,"type":"binary-expr","locations":[{"start":{"line":53,"column":8},"end":{"line":53,"column":12}},{"start":{"line":53,"column":17},"end":{"line":53,"column":23}},{"start":{"line":53,"column":27},"end":{"line":53,"column":32}}]},"15":{"line":54,"type":"if","locations":[{"start":{"line":54,"column":8},"end":{"line":54,"column":8}},{"start":{"line":54,"column":8},"end":{"line":54,"column":8}}]},"16":{"line":54,"type":"binary-expr","locations":[{"start":{"line":54,"column":12},"end":{"line":54,"column":26}},{"start":{"line":54,"column":30},"end":{"line":54,"column":44}}]},"17":{"line":65,"type":"if","locations":[{"start":{"line":65,"column":8},"end":{"line":65,"column":8}},{"start":{"line":65,"column":8},"end":{"line":65,"column":8}}]},"18":{"line":71,"type":"binary-expr","locations":[{"start":{"line":71,"column":21},"end":{"line":71,"column":28}},{"start":{"line":71,"column":32},"end":{"line":71,"column":36}}]},"19":{"line":74,"type":"cond-expr","locations":[{"start":{"line":74,"column":29},"end":{"line":74,"column":32}},{"start":{"line":74,"column":35},"end":{"line":74,"column":40}}]},"20":{"line":90,"type":"binary-expr","locations":[{"start":{"line":90,"column":16},"end":{"line":90,"column":29}},{"start":{"line":90,"column":35},"end":{"line":90,"column":40}}]},"21":{"line":91,"type":"binary-expr","locations":[{"start":{"line":91,"column":17},"end":{"line":91,"column":31}},{"start":{"line":91,"column":35},"end":{"line":91,"column":40}}]},"22":{"line":96,"type":"if","locations":[{"start":{"line":96,"column":4},"end":{"line":96,"column":4}},{"start":{"line":96,"column":4},"end":{"line":96,"column":4}}]},"23":{"line":96,"type":"binary-expr","locations":[{"start":{"line":96,"column":8},"end":{"line":96,"column":14}},{"start":{"line":96,"column":18},"end":{"line":96,"column":25}}]},"24":{"line":100,"type":"if","locations":[{"start":{"line":100,"column":4},"end":{"line":100,"column":4}},{"start":{"line":100,"column":4},"end":{"line":100,"column":4}}]},"25":{"line":104,"type":"if","locations":[{"start":{"line":104,"column":4},"end":{"line":104,"column":4}},{"start":{"line":104,"column":4},"end":{"line":104,"column":4}}]},"26":{"line":125,"type":"binary-expr","locations":[{"start":{"line":125,"column":12},"end":{"line":125,"column":24}},{"start":{"line":125,"column":28},"end":{"line":125,"column":40}}]},"27":{"line":139,"type":"if","locations":[{"start":{"line":139,"column":4},"end":{"line":139,"column":4}},{"start":{"line":139,"column":4},"end":{"line":139,"column":4}}]},"28":{"line":147,"type":"if","locations":[{"start":{"line":147,"column":4},"end":{"line":147,"column":4}},{"start":{"line":147,"column":4},"end":{"line":147,"column":4}}]},"29":{"line":151,"type":"if","locations":[{"start":{"line":151,"column":4},"end":{"line":151,"column":4}},{"start":{"line":151,"column":4},"end":{"line":151,"column":4}}]},"30":{"line":152,"type":"binary-expr","locations":[{"start":{"line":152,"column":36},"end":{"line":152,"column":46}},{"start":{"line":152,"column":50},"end":{"line":152,"column":81}}]},"31":{"line":153,"type":"binary-expr","locations":[{"start":{"line":153,"column":37},"end":{"line":153,"column":48}},{"start":{"line":153,"column":52},"end":{"line":153,"column":83}}]},"32":{"line":186,"type":"if","locations":[{"start":{"line":186,"column":8},"end":{"line":186,"column":8}},{"start":{"line":186,"column":8},"end":{"line":186,"column":8}}]},"33":{"line":213,"type":"if","locations":[{"start":{"line":213,"column":8},"end":{"line":213,"column":8}},{"start":{"line":213,"column":8},"end":{"line":213,"column":8}}]},"34":{"line":224,"type":"if","locations":[{"start":{"line":224,"column":8},"end":{"line":224,"column":8}},{"start":{"line":224,"column":8},"end":{"line":224,"column":8}}]},"35":{"line":228,"type":"if","locations":[{"start":{"line":228,"column":8},"end":{"line":228,"column":8}},{"start":{"line":228,"column":8},"end":{"line":228,"column":8}}]}}},"/Users/shakyshane/Sites/os-browser-sync/lib/server/utils.js":{"path":"/Users/shakyshane/Sites/os-browser-sync/lib/server/utils.js","s":{"1":1,"2":1,"3":1,"4":1,"5":1,"6":1,"7":4,"8":4,"9":4,"10":4,"11":10,"12":8,"13":8,"14":5,"15":5,"16":5,"17":5,"18":4,"19":4,"20":4,"21":10,"22":10,"23":19,"24":19,"25":6,"26":13,"27":1,"28":12,"29":1,"30":11,"31":1,"32":10,"33":34,"34":24,"35":9,"36":10,"37":1,"38":34,"39":37,"40":5,"41":11,"42":32,"43":32,"44":4,"45":1,"46":4,"47":1,"48":2,"49":2},"b":{"1":[8,2],"2":[5,3],"3":[8,6,5],"4":[10,0],"5":[19,10],"6":[6,13],"7":[1,12],"8":[13,1],"9":[1,11],"10":[12,12,12],"11":[1,10],"12":[24,10],"13":[1,9],"14":[5,32],"15":[32,0],"16":[1,3],"17":[2,0],"18":[2,2]},"f":{"1":4,"2":10,"3":4,"4":19,"5":34,"6":9,"7":37,"8":11,"9":4,"10":1,"11":2},"fnMap":{"1":{"name":"(anonymous_1)","line":16,"loc":{"start":{"line":16,"column":22},"end":{"line":16,"column":45}}},"2":{"name":"(anonymous_2)","line":22,"loc":{"start":{"line":22,"column":15},"end":{"line":22,"column":41}}},"3":{"name":"(anonymous_3)","line":37,"loc":{"start":{"line":37,"column":43},"end":{"line":37,"column":55}}},"4":{"name":"(anonymous_4)","line":58,"loc":{"start":{"line":58,"column":17},"end":{"line":58,"column":41}}},"5":{"name":"(anonymous_5)","line":85,"loc":{"start":{"line":85,"column":19},"end":{"line":85,"column":46}}},"6":{"name":"(anonymous_6)","line":88,"loc":{"start":{"line":88,"column":31},"end":{"line":88,"column":47}}},"7":{"name":"(anonymous_7)","line":102,"loc":{"start":{"line":
[...]
pe":"if","locations":[{"start":{"line":235,"column":12},"end":{"line":235,"column":12}},{"start":{"line":235,"column":12},"end":{"line":235,"column":12}}]},"35":{"line":241,"type":"if","locations":[{"start":{"line":241,"column":16},"end":{"line":241,"column":16}},{"start":{"line":241,"column":16},"end":{"line":241,"column":16}}]}}},"/Users/shakyshane/Sites/os-browser-sync/lib/public/reload.js":{"path":"/Users/shakyshane/Sites/os-browser-sync/lib/public/reload.js","s":{"1":1,"2":1,"3":1,"4":1,"5":8,"6":1,"7":3,"8":1,"9":5,"10":1,"11":9,"12":1,"13":8,"14":1,"15":2,"16":7,"17":5,"18":5,"19":5,"20":5,"21":5,"22":5,"23":8,"24":1,"25":1,"26":7,"27":5,"28":5,"29":5,"30":5,"31":8,"32":8,"33":5,"34":5,"35":5,"36":5,"37":2},"b":{"1":[1,8],"2":[1,7],"3":[5,2],"4":[7,5],"5":[5,4],"6":[1,7],"7":[8,3],"8":[2,5],"9":[7,2],"10":[5,0]},"f":{"1":1,"2":8,"3":3,"4":5,"5":9,"6":2,"7":8,"8":5},"fnMap":{"1":{"name":"(anonymous_1)","line":8,"loc":{"start":{"line":8,"column":17},"end":{"line":8,"column":40}}},"2":{"name":"emitReload","line":12,"loc":{"start":{"line":12,"column":4},"end":{"line":12,"column":35}}},"3":{"name":"emitBrowserReload","line":20,"loc":{"start":{"line":20,"column":4},"end":{"line":20,"column":33}}},"4":{"name":"emitInfo","line":24,"loc":{"start":{"line":24,"column":4},"end":{"line":24,"column":31}}},"5":{"name":"(anonymous_5)","line":28,"loc":{"start":{"line":28,"column":11},"end":{"line":28,"column":26}}},"6":{"name":"(anonymous_6)","line":35,"loc":{"start":{"line":35,"column":31},"end":{"line":35,"column":47}}},"7":{"name":"(anonymous_7)","line":49,"loc":{"start":{"line":49,"column":32},"end":{"line":49,"column":63}}},"8":{"name":"(anonymous_8)","line":77,"loc":{"start":{"line":77,"column":28},"end":{"line":77,"column":44}}}},"statementMap":{"1":{"start":{"line":3,"column":0},"end":{"line":3,"column":31}},"2":{"start":{"line":8,"column":0},"end":{"line":90,"column":2}},"3":{"start":{"line":10,"column":4},"end":{"line":10,"column":36}},"4":{"start":{"line":12,"column":4},"end":{"line":18,"column":5}},"5":{"start":{"line":13,"column":8},"end":{"line":17,"column":11}},"6":{"start":{"line":20,"column":4},"end":{"line":22,"column":5}},"7":{"start":{"line":21,"column":8},"end":{"line":21,"column":38}},"8":{"start":{"line":24,"column":4},"end":{"line":26,"column":5}},"9":{"start":{"line":25,"column":8},"end":{"line":25,"column":58}},"10":{"start":{"line":28,"column":4},"end":{"line":89,"column":6}},"11":{"start":{"line":30,"column":8},"end":{"line":32,"column":9}},"12":{"start":{"line":31,"column":12},"end":{"line":31,"column":41}},"13":{"start":{"line":34,"column":8},"end":{"line":38,"column":9}},"14":{"start":{"line":35,"column":12},"end":{"line":37,"column":15}},"15":{"start":{"line":36,"column":16},"end":{"line":36,"column":39}},"16":{"start":{"line":40,"column":8},"end":{"line":85,"column":9}},"17":{"start":{"line":43,"column":12},"end":{"line":43,"column":34}},"18":{"start":{"line":44,"column":12},"end":{"line":44,"column":46}},"19":{"start":{"line":45,"column":12},"end":{"line":45,"column":56}},"20":{"start":{"line":46,"column":12},"end":{"line":46,"column":61}},"21":{"start":{"line":47,"column":12},"end":{"line":47,"column":31}},"22":{"start":{"line":49,"column":12},"end":{"line":75,"column":14}},"23":{"start":{"line":51,"column":16},"end":{"line":70,"column":17}},"24":{"start":{"line":53,"column":20},"end":{"line":53,"column":40}},"25":{"start":{"line":55,"column":20},"end":{"line":55,"column":35}},"26":{"start":{"line":59,"column":20},"end":{"line":69,"column":21}},"27":{"start":{"line":63,"column":24},"end":{"line":68,"column":25}},"28":{"start":{"line":65,"column":28},"end":{"line":65,"column":46}},"29":{"start":{"line":66,"column":28},"end":{"line":66,"column":57}},"30":{"start":{"line":67,"column":28},"end":{"line":67,"column":67}},"31":{"start":{"line":72,"column":16},"end":{"line":72,"column":32}},"32":{"start":{"line":74,"column":16},"end":{"line":74,"column":23}},"33":{"start":{"line":77,"column":12},"end":{"line":82,"column":14}},"34":{"start":{"line":79,"column":16},"end":{"line":79,"column":34}},"35":{"start":{"line":81,"column":16},"end":{"line":81,"column":23}},"36":{"start":{"line":84,"column":12},"end":{"line":84,"column":26}},"37":{"start":{"line":87,"column":8},"end":{"line":87,"column":35}}},"branchMap":{"1":{"line":30,"type":"if","locations":[{"start":{"line":30,"column":8},"end":{"line":30,"column":8}},{"start":{"line":30,"column":8},"end":{"line":30,"column":8}}]},"2":{"line":34,"type":"if","locations":[{"start":{"line":34,"column":8},"end":{"line":34,"column":8}},{"start":{"line":34,"column":8},"end":{"line":34,"column":8}}]},"3":{"line":40,"type":"if","locations":[{"start":{"line":40,"column":8},"end":{"line":40,"column":8}},{"start":{"line":40,"column":8},"end":{"line":40,"column":8}}]},"4":{"line":40,"type":"binary-expr","locations":[{"start":{"line":40,"column":12},"end":{"line":40,"column":15}},{"start":{"line":40,"column":19},"end":{"line":40,"column":38}}]},"5":{"line":44,"type":"binary-expr","locations":[{"start":{"line":44,"column":28},"end":{"line":44,"column":36}},{"start":{"line":44,"column":40},"end":{"line":44,"column":45}}]},"6":{"line":51,"type":"if","locations":[{"start":{"line":51,"column":16},"end":{"line":51,"column":16}},{"start":{"line":51,"column":16},"end":{"line":51,"column":16}}]},"7":{"line":51,"type":"binary-expr","locations":[{"start":{"line":51,"column":20},"end":{"line":51,"column":33}},{"start":{"line":51,"column":37},"end":{"line":51,"column":45}}]},"8":{"line":59,"type":"if","locations":[{"start":{"line":59,"column":20},"end":{"line":59,"column":20}},{"start":{"line":59,"column":20},"end":{"line":59,"column":20}}]},"9":{"line":59,"type":"binary-expr","locations":[{"start":{"line":59,"column":24},"end":{"line":59,"column":37}},{"start":{"line":59,"column":41},"end":{"line":59,"column":48}}]},"10":{"line":63,"type":"if","locations":[{"start":{"line":63,"column":24},"end":{"line":63,"column":24}},{"start":{"line":63,"column":24},"end":{"line":63,"column":24}}]}}},"/Users/shakyshane/Sites/os-browser-sync/lib/public/notify.js":{"path":"/Users/shakyshane/Sites/os-browser-sync/lib/public/notify.js","s":{"1":1,"2":1,"3":4,"4":3},"b":{"1":[3,1],"2":[3,2]},"f":{"1":1,"2":4},"fnMap":{"1":{"name":"(anonymous_1)","line":7,"loc":{"start":{"line":7,"column":17},"end":{"line":7,"column":40}}},"2":{"name":"(anonymous_2)","line":9,"loc":{"start":{"line":9,"column":11},"end":{"line":9,"column":35}}}},"statementMap":{"1":{"start":{"line":7,"column":0},"end":{"line":18,"column":2}},"2":{"start":{"line":9,"column":4},"end":{"line":17,"column":6}},"3":{"start":{"line":11,"column":8},"end":{"line":16,"column":9}},"4":{"start":{"line":12,"column":12},"end":{"line":15,"column":15}}},"branchMap":{"1":{"line":11,"type":"if","locations":[{"start":{"line":11,"column":8},"end":{"line":11,"column":8}},{"start":{"line":11,"column":8},"end":{"line":11,"column":8}}]},"2":{"line":14,"type":"binary-expr","locations":[{"start":{"line":14,"column":25},"end":{"line":14,"column":32}},{"start":{"line":14,"column":36},"end":{"line":14,"column":40}}]}}},"/Users/shakyshane/Sites/os-browser-sync/lib/public/exit.js":{"path":"/Users/shakyshane/Sites/os-browser-sync/lib/public/exit.js","s":{"1":1,"2":1,"3":2,"4":1,"5":1,"6":2,"7":1,"8":1},"b":{"1":[1,1]},"f":{"1":1,"2":2},"fnMap":{"1":{"name":"(anonymous_1)","line":7,"loc":{"start":{"line":7,"column":17},"end":{"line":7,"column":40}}},"2":{"name":"exit","line":9,"loc":{"start":{"line":9,"column":4},"end":{"line":9,"column":20}}}},"statementMap":{"1":{"start":{"line":7,"column":0},"end":{"line":20,"column":2}},"2":{"start":{"line":9,"column":4},"end":{"line":15,"column":5}},"3":{"start":{"line":10,"column":8},"end":{"line":13,"column":9}},"4":{"start":{"line":11,"column":12},"end":{"line":11,"column":52}},"5":{"start":{"line":12,"column":12},"end":{"line":12,"column":34}},"6":{"start":{"line":14,"column":8},"end":{"line":14,"column":23}},"7":{"start":{"line":17,"column":4},"end":{"line":17,"column":31}},"8":{"start":{"line":19,"column":4},"end":{"line":19,"column":16}}},"branchMap":{"1":{"line":10,"type":"if","locations":[{"start":{"line":10,"column":8},"end":{"line":10,"column":8}},{"start":{"line":10,"column":8},"end":{"line":10,"column":8}}]}}},"/Users/shakyshane/Sites/os-browser-sync/lib/cli/cli-info.js":{"path":"/Users/shakyshane/Sites/os-browser-sync/lib/cli/cli-info.js","s":{"1":1,"2":1,"3":1,"4":1,"5":1,"6":1,"7":1,"8":1,"9":3,"10":3,"11":2,"12":2,"13":1,"14":1,"15":1,"16":1,"17":1,"18":1,"19":26,"20":24,"21":1,"22":1,"23":1,"24":1,"25":1,"26":1,"27":1},"b":{"1":[1,1],"2":[24,2]},"f":{"1":3,"2":2,"3":1,"4":26,"5":1},"fnMap":{"1":{"name":"(anonymous_1)","line":18,"loc":{"start":{"line":18,"column":16},"end":{"line":18,"column":33}}},"2":{"name":"(anonymous_2)","line":28,"loc":{"start":{"line":28,"column":20},"end":{"line":28,"column":40}}},"3":{"name":"(anonymous_3)","line":38,"loc":{"start":{"line":38,"column":16},"end":{"line":38,"column":31}}},"4":{"name":"(anonymous_4)","line":45,"loc":{"start":{"line":45,"column":34},"end":{"line":45,"column":49}}},"5":{"name":"(anonymous_5)","line":57,"loc":{"start":{"line":57,"column":33},"end":{"line":57,"column":53}}}},"statementMap":{"1":{"start":{"line":3,"column":0},"end":{"line":3,"column":43}},"2":{"start":{"line":4,"column":0},"end":{"line":4,"column":42}},"3":{"start":{"line":5,"column":0},"end":{"line":5,"column":50}},"4":{"start":{"line":6,"column":0},"end":{"line":6,"column":51}},"5":{"start":{"line":8,"column":0},"end":{"line":8,"column":34}},"6":{"start":{"line":9,"column":0},"end":{"line":9,"column":38}},"7":{"start":{"line":10,"column":0},"end":{"line":10,"column":36}},"8":{"start":{"line":12,"column":0},"end":{"line":62,"column":2}},"9":{"start":{"line":19,"column":8},"end":{"line":19,"column":35}},"10":{"start":{"line":20,"column":8},"end":{"line":20,"column":29}},"11":{"start":{"line":29,"column":8},"end":{"line":29,"column":67}},"12":{"start":{"line":30,"column":8},"end":{"line":32,"column":9}},"13":{"start":{"line":31,"column":12},"end":{"line":31,"column":36}},"14":{"start":{"line":33,"column":8},"end":{"line":33,"column":21}},"15":{"start":{"line":40,"column":8},"end":{"line":40,"column":67}},"16":{"start":{"line":41,"column":8},"end":{"line":41,"column":26}},"17":{"start":{"line":43,"column":8},"end":{"line":43,"column":62}},"18":{"start":{"line":45,"column":8},"end":{"line":49,"column":11}},"19":{"start":{"line":46,"column":12},"end":{"line":48,"column":13}},"20":{"start":{"line":47,"column":16},"end":{"line":47,"column":42}},"21":{"start":{"line":51,"column":8},"end":{"line":51,"column":64}},"22":{"start":{"line":53,"column":8},"end":{"line":53,"column":84}},"23":{"start":{"line":55,"column":8},"end":{"line":55,"column":41}},"24":{"start":{"line":57,"column":8},"end":{"line":60,"column":11}},"25":{"start":{"line":58,"column":12},"end":{"line":58,"column":102}},"26":{"start":{"line":59,"column":12},"end":{"line":59,"column":113}},"27":{"start":{"line":64,"column":0},"end":{"line":64,"column":22}}},"branchMap":{"1":{"line":30,"type":"if","locations":[{"start":{"line":30,"column":8},"end":{"line":30,"column":8}},{"start":{"line":30,"column":8},"end":{"line":30,"column":8}}]},"2":{"line":46,"type":"if","locations":[{"start":{"line":46,"column":12},"end":{"line":46,"column":12}},{"start":{"line":46,"column":12},"end":{"line":46,"column":12}}]}}},"/Users/shakyshane/Sites/os-browser-sync/lib/cli/cli-init.js":{"path":"/Users/shakyshane/Sites/os-browser-sync/lib/cli/cli-init.js","s":{"1":1,"2":1,"3":1,"4":1,"5":1,"6":1,"7":1,"8":1,"9":3,"10":3,"11":2,"12":3,"13":3,"14":1,"15":3,"16":3,"17":54,"18":3,"19":3,"20":1,"21":3,"22":3,"23":3,"24":3,"25":1,"26":1,"27":1,"28":1,"29":1,"30":1,"31":1,"32":1,"33":1,"34":1,"35":1,"36":1,"37":1},"b":{"1":[2,1],"2":[3,1],"3":[3,0],"4":[3,0]},"f":{"1":3,"2":3,"3":54,"4":1,"5":1},"fnMap":{"1":{"name":"(anonymous_1)","line":18,"loc":{"start":{"line":18,"column":38},"end":{"line":18,"column":58}}},"2":{"name":"(anonymous_2)","line":41,"loc":{"start":{"line":41,"column":23},"end":{"line":41,"column":58}}},"3":{"name":"(anonymous_3)","line":47,"loc":{"start":{"line":47,"column":30},"end":{"line":47,"column":45}}},"4":{"name":"(anonymous_4)","line":57,"loc":{"start":{"line":57,"column":16},"end":{"line":57,"column":27}}},"5":{"name":"(anonymous_5)","line":76,"loc":{"start":{"line":76,"column":22},"end":{"line":76,"column":34}}}},"statementMap":{"1":{"start":{"line":3,"column":0},"end":{"line":3,"column":51}},"2":{"start":{"line":4,"column":0},"end":{"line":4,"column":45}},"3":{"start":{"line":5,"column":0},"end":{"line":5,"column":42}},"4":{"start":{"line":6,"column":0},"end":{"line":6,"column":43}},"5":{"start":{"line":8,"column":0},"end":{"line":8,"column":41}},"6":{"start":{"line":9,"column":0},"end":{"line":9,"column":48}},"7":{"start":{"line":11,"column":0},"end":{"line":11,"column":60}},"8":{"start":{"line":18,"column":0},"end":{"line":33,"column":2}},"9":{"start":{"line":20,"column":4},"end":{"line":20,"column":19}},"10":{"start":{"line":23,"column":4},"end":{"line":25,"column":5}},"11":{"start":{"line":24,"column":8},"end":{"line":24,"column":54}},"12":{"start":{"line":27,"column":4},"end":{"line":27,"column":79}},"13":{"start":{"line":29,"column":4},"end":{"line":32,"column":7}},"14":{"start":{"line":41,"column":0},"end":{"line":71,"column":2}},"15":{"start":{"line":43,"column":4},"end":{"line":45,"column":38}},"16":{"start":{"line":47,"column":4},"end":{"line":49,"column":7}},"17":{"start":{"line":48,"column":8},"end":{"line":48,"column":39}},"18":{"start":{"line":51,"column":4},"end":{"line":52,"column":36}},"19":{"start":{"line":54,"column":4},"end":{"line":59,"column":11}},"20":{"start":{"line":58,"column":12},"end":{"line":58,"column":41}},"21":{"start":{"line":61,"column":4},"end":{"line":64,"column":67}},"22":{"start":{"line":66,"column":4},"end":{"line":66,"column":24}},"23":{"start":{"line":68,"column":4},"end":{"line":70,"column":5}},"24":{"start":{"line":69,"column":8},"end":{"line":69,"column":23}},"25":{"start":{"line":76,"column":0},"end":{"line":89,"column":2}},"26":{"start":{"line":77,"column":4},"end":{"line":77,"column":37}},"27":{"start":{"line":78,"column":4},"end":{"line":78,"column":37}},"28":{"start":{"line":79,"column":4},"end":{"line":79,"column":71}},"29":{"start":{"line":80,"column":4},"end":{"line":80,"column":20}},"30":{"start":{"line":81,"column":4},"end":{"line":81,"column":75}},"31":{"start":{"line":82,"column":4},"end":{"line":82,"column":20}},"32":{"start":{"line":83,"column":4},"end":{"line":83,"column":36}},"33":{"start":{"line":84,"column":4},"end":{"line":84,"column":36}},"34":{"start":{"line":85,"column":4},"end":{"line":85,"column":64}},"35":{"start":{"line":86,"column":4},"end":{"line":86,"column":20}},"36":{"start":{"line":87,"column":4},"end":{"line":87,"column":93}},"37":{"start":{"line":88,"column":4},"end":{"line":88,"column":20}}},"branchMap":{"1":{"line":23,"type":"if","locations":[{"start":{"line":23,"column":4},"end":{"line":23,"column":4}},{"start":{"line":23,"column":4},"end":{"line":23,"column":4}}]},"2":{"line":27,"type":"binary-expr","locations":[{"start":{"line":27,"column":39},"end":{"line":27,"column":49}},{"start":{"line":27,"column":53},"end":{"line":27,"column":55}}]},"3":{"line":30,"type":"binary-expr","locations":[{"start":{"line":30,"column":15},"end":{"line":30,"column":28}},{"start":{"line":30,"column":32},"end":{"line":30,"column":34}}]},"4":{"line":68,"type":"if","locations":[{"start":{"line":68,"column":4},"end":{"line":68,"column":4}},{"start":{"line":68,"column":4},"end":{"line":68,"column":4}}]}}},"/Users/shakyshane/Sites/os-browser-sync/lib/cli/index.js":{"path":"/Users/shakyshane/Sites/os-browser-sync/lib/cli/index.js","s":{"1":1},"b":{},"f":{},"fnMap":{},"statementMap":{"1":{"start":{"line":3,"column":0},"end":{"line":7,"column":2}}},"branchMap":{}},"/Users/shakyshane/Sites/os-browser-sync/lib/args.js":{"path":"/Users/shakyshane/Sites/os-browser-sync/lib/args.js","s":{"1":1,"2":52,"3":52,"4":52,"5":9,"6":1,"7":8,"8":2,"9":6,"10":9,"11":37,"12":36,"13":36,"14":1,"15":1,"16":1,"17":37,"18":6,"19":6,"20":5,"21":6,"22":1,"23":9,"24":52},"b":{"1":[9,37,6],"2":[1,8],"3":[2,6],"4":[36,1],"5":[36,0],"6":[1,0],"7":[1,0],"8":[6,1],"9":[5,1],"10":[9,8]},"f":{"1":52,"2":9},"fnMap":{"1":{"name":"(anonymous_1)","line":8,"loc":{"start":{"line":8,"column":17},"end":{"line":8,"column":33}}},"2":{"name":"isFilesArg","line":64,"loc":{"start":{"line":64,"column":4},"end":{"line":64,"column":30}}}},"statementMap":{"1":{"start":{"line":8,"column":0},"end":{"line":72,"column":2}},"2":{"start":{"line":10,"column":4},"end":{"line":10,"column":20}},"3":{"start":{"line":11,"column":4},"end":{"line":11,"column":11}},"4":{"start":{"line":13,"column":4},"end":{"line":62,"column":5}},"5":{"start":{"line":17,"column":12},"end":{"line":29,"column":13}},"6":{"start":{"line":19,"column":16},"end":{"line":19,"column":39}},"7":{"start":{"line":21,"column":19},"end":{"line":29,"column":13}},"8":{"start":{"line":23,"column":16},"end":{"line":23,"column":29}},"9":{"start":{"line":27,"column":16},"end":{"line":27,"column":33}},"10":{"start":{"line":31,"column":12},"end":{"line":31,"column":18}},"11":{"start":{"line":36,"column":12},"end":{"line":48,"column":13}},"12":{"start":{"line":38,"column":16},"end":{"line":38,"column":39}},"13":{"start":{"line":39,"column":16},"end":{"line":39,"column":29}},"14":{"start":{"line":43,"column":16},"end":{"line":43,"column":39}},"15":{"start":{"line":45,"column":16},"end":{"line":47,"column":17}},"16":{"start":{"line":46,"column":20},"end":{"line":46,"column":43}},"17":{"start":{"line":51,"column":12},"end":{"line":51,"column":18}},"18":{"start":{"line":55,"column":12},"end":{"line":55,"column":35}},"19":{"start":{"line":57,"column":12},"end":{"line":59,"column":13}},"20":{"start":{"line":58,"column":16},"end":{"line":58,"column":39}},"21":{"start":{"line":61,"column":12},"end":{"line":61,"column":25}},"22":{"start":{"line":64,"column":4},"end":{"line":66,"column":5}},"23":{"start":{"line":65,"column":8},"end":{"line":65,"column":61}},"24":{"start":{"line":68,"column":4},"end":{"line":71,"column":6}}},"branchMap":{"1":{"line":13,"type":"switch","locations":[{"start":{"line":15,"column":8},"end":{"line":31,"column":18}},{"start":{"line":33,"column":8},"end":{"line":51,"column":18}},{"start":{"line":53,"column":8},"end":{"line":61,"column":25}}]},"2":{"line":17,"type":"if","locations":[{"start":{"line":17,"column":12},"end":{"line":17,"column":12}},{"start":{"line":17,"column":12},"end":{"line":17,"column":12}}]},"3":{"line":21,"type":"if","locations":[{"start":{"line":21,"column":19},"end":{"line":21,"column":19}},{"start":{"line":21,"column":19},"end":{"line":21,"column":19}}]},"4":{"line":36,"type":"if","locations":[{"start":{"line":36,"column":12},"end":{"line":36,"column":12}},{"start":{"line":36,"column":12},"end":{"line":36,"column":12}}]},"5":{"line":38,"type":"binary-expr","locations":[{"start":{"line":38,"column":25},"end":{"line":38,"column":32}},{"start":{"line":38,"column":36},"end":{"line":38,"column":38}}]},"6":{"line":43,"type":"binary-expr","locations":[{"start":{"line":43,"column":25},"end":{"line":43,"column":32}},{"start":{"line":43,"column":36},"end":{"line":43,"column":38}}]},"7":{"line":45,"type":"if","locations":[{"start":{"line":45,"column":16},"end":{"line":45,"column":16}},{"start":{"line":45,"column":16},"end":{"line":45,"column":16}}]},"8":{"line":55,"type":"binary-expr","locations":[{"start":{"line":55,"column":21},"end":{"line":55,"column":28}},{"start":{"line":55,"column":32},"end":{"line":55,"column":34}}]},"9":{"line":57,"type":"if","locations":[{"start":{"line":57,"column":12},"end":{"line":57,"column":12}},{"start":{"line":57,"column":12},"end":{"line":57,"column":12}}]},"10":{"line":65,"type":"binary-expr","locations":[{"start":{"line":65,"column":15},"end":{"line":65,"column":33}},{"start":{"line":65,"column":37},"end":{"line":65,"column":60}}]}}}}