TN:
SF:/Users/shakyshane/Sites/os-browser-sync/index.js
FN:78,(anonymous_1)
FNF:1
FNH:1
FNDA:4,(anonymous_1)
DA:7,1
DA:8,1
DA:9,1
DA:11,1
DA:21,1
DA:23,1
DA:24,1
DA:34,1
DA:43,1
DA:54,1
DA:63,1
DA:70,1
DA:77,1
DA:79,4
LF:14
LH:14
BRF:0
BRH:0
end_of_record
TN:
SF:/Users/shakyshane/Sites/os-browser-sync/lib/utils.js
FN:18,(anonymous_1)
FN:42,(anonymous_2)
FN:70,(anonymous_3)
FN:100,(anonymous_4)
FN:126,(anonymous_5)
FN:145,(anonymous_6)
FN:153,(anonymous_7)
FN:170,(anonymous_8)
FN:178,(anonymous_9)
FN:185,(anonymous_10)
FN:193,(anonymous_11)
FN:205,(anonymous_12)
FN:221,(anonymous_13)
FN:229,(anonymous_14)
FN:243,(anonymous_15)
FN:252,(anonymous_16)
FNF:16
FNH:16
FNDA:8,(anonymous_1)
FNDA:50,(anonymous_2)
FNDA:56,(anonymous_3)
FNDA:26,(anonymous_4)
FNDA:10,(anonymous_5)
FNDA:20,(anonymous_6)
FNDA:50,(anonymous_7)
FNDA:2,(anonymous_8)
FNDA:8,(anonymous_9)
FNDA:15,(anonymous_10)
FNDA:25,(anonymous_11)
FNDA:2,(anonymous_12)
FNDA:1,(anonymous_13)
FNDA:2,(anonymous_14)
FNDA:16,(anonymous_15)
FNDA:27,(anonymous_16)
DA:4,1
DA:5,1
DA:6,1
DA:7,1
DA:8,1
DA:9,1
DA:11,1
DA:13,1
DA:20,8
DA:22,8
DA:23,8
DA:24,2
DA:26,6
DA:27,1
DA:31,5
DA:32,3
DA:35,5
DA:44,50
DA:45,1
DA:48,49
DA:49,49
DA:51,49
DA:52,27
DA:55,22
DA:56,1
DA:58,21
DA:59,1
DA:61,20
DA:65,22
DA:72,56
DA:73,56
DA:75,56
DA:76,50
DA:77,50
DA:80,6
DA:82,6
DA:84,6
DA:85,1
DA:88,6
DA:90,6
DA:92,6
DA:102,26
DA:103,26
DA:105,26
DA:106,3
DA:109,26
DA:110,9
DA:111,1
DA:113,9
DA:116,26
DA:128,10
DA:132,10
DA:133,10
DA:136,10
DA:146,20
DA:155,50
DA:156,50
DA:157,50
DA:159,50
DA:160,1
DA:161,1
DA:164,50
DA:171,2
DA:179,8
DA:186,15
DA:195,25
DA:196,4
DA:197,3
DA:201,25
DA:203,4
DA:204,2
DA:205,1
DA:206,2
DA:209,1
DA:212,2
DA:222,1
DA:230,2
DA:231,2
DA:232,2
DA:234,2
DA:244,16
DA:245,3
DA:247,13
DA:248,2
DA:250,11
DA:253,27
DA:257,1
LF:87
LH:87
BRDA:22,1,0,8
BRDA:22,1,1,0
BRDA:23,2,0,2
BRDA:23,2,1,6
BRDA:23,3,0,8
BRDA:23,3,1,2
BRDA:26,4,0,1
BRDA:26,4,1,5
BRDA:26,5,0,6
BRDA:26,5,1,5
BRDA:31,6,0,3
BRDA:31,6,1,2
BRDA:35,7,0,5
BRDA:35,7,1,1
BRDA:44,8,0,1
BRDA:44,8,1,49
BRDA:51,9,0,27
BRDA:51,9,1,22
BRDA:51,10,0,49
BRDA:51,10,1,49
BRDA:55,11,0,1
BRDA:55,11,1,21
BRDA:58,12,0,1
BRDA:58,12,1,20
BRDA:73,13,0,2
BRDA:73,13,1,54
BRDA:73,14,0,56
BRDA:73,14,1,2
BRDA:73,14,2,2
BRDA:75,15,0,50
BRDA:75,15,1,6
BRDA:84,16,0,1
BRDA:84,16,1,5
BRDA:105,17,0,3
BRDA:105,17,1,23
BRDA:105,18,0,26
BRDA:105,18,1,3
BRDA:109,19,0,9
BRDA:109,19,1,17
BRDA:110,20,0,1
BRDA:110,20,1,8
BRDA:132,21,0,10
BRDA:132,21,1,0
BRDA:159,22,0,1
BRDA:159,22,1,49
BRDA:195,23,0,4
BRDA:195,23,1,21
BRDA:196,24,0,3
BRDA:196,24,1,1
BRDA:201,25,0,4
BRDA:201,25,1,21
BRDA:203,26,0,2
BRDA:203,26,1,2
BRDA:204,27,0,1
BRDA:204,27,1,1
BRDA:222,28,0,1
BRDA:222,28,1,1
BRDA:230,29,0,2
BRDA:230,29,1,0
BRDA:231,30,0,2
BRDA:231,30,1,0
BRDA:231,31,0,2
BRDA:231,31,1,2
BRDA:244,32,0,3
BRDA:244,32,1,13
BRDA:247,33,0,2
BRDA:247,33,1,11
BRF:67
BRH:63
end_of_record
TN:
SF:/Users/shakyshane/Sites/os-browser-sync/lib/browser-sync.js
FN:31,(anonymous_1)
FN:57,(anonymous_2)
FN:65,(anonymous_3)
FN:73,(anonymous_4)
FN:87,(anonymous_5)
FN:118,(anonymous_6)
FN:127,(anonymous_7)
FN:133,init
FN:139,(anonymous_9)
FN:157,(anonymous_10)
FN:171,(anonymous_11)
FN:178,(anonymous_12)
FN:192,(anonymous_13)
FN:208,(anonymous_14)
FN:211,(anonymous_15)
FN:219,(anonymous_16)
FN:222,(anonymous_17)
FN:225,(anonymous_18)
FN:232,(anonymous_19)
FN:243,(anonymous_20)
FN:246,(anonymous_21)
FN:251,(anonymous_22)
FN:259,(anonymous_23)
FN:272,(anonymous_24)
FN:298,(anonymous_25)
FNF:25
FNH:25
FNDA:2,(anonymous_1)
FNDA:11,(anonymous_2)
FNDA:2,(anonymous_3)
FNDA:2,(anonymous_4)
FNDA:52,(anonymous_5)
FNDA:1,(anonymous_6)
FNDA:50,(anonymous_7)
FNDA:50,init
FNDA:2,(anonymous_9)
FNDA:50,(anonymous_10)
FNDA:102,(anonymous_11)
FNDA:2,(anonymous_12)
FNDA:1,(anonymous_13)
FNDA:50,(anonymous_14)
FNDA:4,(anonymous_15)
FNDA:4,(anonymous_16)
FNDA:1,(anonymous_17)
FNDA:1,(anonymous_18)
FNDA:50,(anonymous_19)
FNDA:1,(anonymous_20)
FNDA:50,(anonymous_21)
FNDA:350,(anonymous_22)
FNDA:51,(anonymous_23)
FNDA:10,(anonymous_24)
FNDA:12,(anonymous_25)
DA:3,1
DA:4,1
DA:5,1
DA:6,1
DA:7,1
DA:8,1
DA:10,1
DA:11,1
DA:12,1
DA:13,1
DA:14,1
DA:19,1
DA:31,1
DA:33,2
DA:34,2
DA:35,2
DA:37,2
DA:38,2
DA:40,2
DA:42,2
DA:57,1
DA:58,11
DA:65,1
DA:67,2
DA:72,2
DA:73,2
DA:74,2
DA:75,2
DA:87,1
DA:89,52
DA:90,52
DA:91,52
DA:93,52
DA:95,52
DA:98,52
DA:100,1
DA:102,1
DA:104,1
DA:107,51
DA:111,51
DA:118,1
DA:120,1
DA:127,1
DA:129,50
DA:131,50
DA:133,1
DA:134,50
DA:137,50
DA:139,2
DA:140,2
DA:141,1
DA:143,1
DA:145,2
DA:148,48
DA:157,1
DA:159,50
DA:160,42
DA:163,50
DA:171,1
DA:172,102
DA:178,1
DA:179,2
DA:185,1
DA:192,1
DA:194,1
DA:196,1
DA:197,1
DA:198,1
DA:201,1
DA:208,1
DA:210,50
DA:212,4
DA:213,3
DA:214,1
DA:216,3
DA:220,4
DA:223,1
DA:226,1
DA:234,50
DA:235,25
DA:239,50
DA:240,50
DA:244,1
DA:247,50
DA:251,50
DA:252,350
DA:259,1
DA:261,51
DA:262,1
DA:266,50
DA:267,50
DA:271,50
DA:272,50
DA:273,10
DA:278,50
DA:279,50
DA:283,50
DA:285,50
DA:286,50
DA:288,50
DA:289,2
DA:298,1
DA:300,12
DA:301,12
DA:303,12
DA:305,12
DA:310,12
DA:313,12
DA:314,3
DA:315,3
DA:318,12
DA:319,12
DA:320,12
DA:321,12
DA:324,12
DA:326,12
DA:329,1
LF:117
LH:117
BRDA:72,1,0,2
BRDA:72,1,1,0
BRDA:98,2,0,1
BRDA:98,2,1,51
BRDA:98,3,0,52
BRDA:98,3,1,24
BRDA:137,4,0,2
BRDA:137,4,1,48
BRDA:137,5,0,50
BRDA:137,5,1,48
BRDA:140,6,0,1
BRDA:140,6,1,1
BRDA:159,7,0,42
BRDA:159,7,1,8
BRDA:196,8,0,1
BRDA:196,8,1,0
BRDA:212,9,0,3
BRDA:212,9,1,1
BRDA:213,10,0,1
BRDA:213,10,1,2
BRDA:234,11,0,25
BRDA:234,11,1,25
BRDA:239,12,0,50
BRDA:239,12,1,0
BRDA:261,13,0,1
BRDA:261,13,1,50
BRDA:266,14,0,50
BRDA:266,14,1,0
BRDA:271,15,0,50
BRDA:271,15,1,0
BRDA:278,16,0,50
BRDA:278,16,1,0
BRDA:288,17,0,2
BRDA:288,17,1,48
BRDA:313,18,0,3
BRDA:313,18,1,9
BRF:36
BRH:30
end_of_record
TN:
SF:/Users/shakyshane/Sites/os-browser-sync/lib/services.js
FN:9,(anonymous_1)
FN:14,(anonymous_2)
FNF:2
FNH:2
FNDA:50,(anonymous_1)
FNDA:50,(anonymous_2)
DA:3,1
DA:9,1
DA:14,50
DA:16,50
DA:19,50
DA:22,50
DA:24,50
DA:27,50
DA:30,50
DA:33,50
DA:38,50
DA:41,50
DA:47,50
DA:49,50
DA:51,50
LF:15
LH:15
BRDA:35,1,0,2
BRDA:35,1,1,48
BRF:2
BRH:2
end_of_record
TN:
SF:/Users/shakyshane/Sites/os-browser-sync/lib/hooks.js
FN:13,(anonymous_1)
FN:17,(anonymous_2)
FN:25,(anonymous_3)
FN:27,(anonymous_4)
FN:43,(anonymous_5)
FN:47,(anonymous_6)
FN:50,(anonymous_7)
FN:71,(anonymous_8)
FN:87,(anonymous_9)
FN:93,(anonymous_10)
FNF:10
FNH:10
FNDA:50,(anonymous_1)
FNDA:1,(anonymous_2)
FNDA:50,(anonymous_3)
FNDA:2,(anonymous_4)
FNDA:23,(anonymous_5)
FNDA:2,(anonymous_6)
FNDA:2,(anonymous_7)
FNDA:50,(anonymous_8)
FNDA:1,(anonymous_9)
FNDA:11,(anonymous_10)
DA:3,1
DA:4,1
DA:6,1
DA:15,50
DA:17,50
DA:18,1
DA:27,50
DA:29,2
DA:31,2
DA:32,1
DA:34,1
DA:38,50
DA:45,23
DA:47,23
DA:48,2
DA:49,2
DA:50,1
DA:51,2
DA:52,2
DA:56,1
DA:57,1
DA:62,23
DA:73,50
DA:75,50
DA:77,50
DA:78,49
DA:79,7
DA:80,7
DA:81,7
DA:86,50
DA:87,1
DA:88,1
DA:92,50
DA:93,50
DA:94,11
DA:95,2
DA:100,50
LF:37
LH:37
BRDA:31,1,0,1
BRDA:31,1,1,1
BRDA:45,2,0,23
BRDA:45,2,1,21
BRDA:49,3,0,1
BRDA:49,3,1,1
BRDA:51,4,0,2
BRDA:51,4,1,0
BRDA:56,5,0,1
BRDA:56,5,1,0
BRDA:77,6,0,49
BRDA:77,6,1,1
BRDA:78,7,0,7
BRDA:78,7,1,42
BRDA:80,8,0,7
BRDA:80,8,1,0
BRDA:86,9,0,1
BRDA:86,9,1,49
BRDA:86,10,0,50
BRDA:86,10,1,43
BRDA:92,11,0,50
BRDA:92,11,1,0
BRDA:94,12,0,2
BRDA:94,12,1,9
BRDA:94,13,0,11
BRDA:94,13,1,4
BRF:26
BRH:22
end_of_record
TN:
SF:/Users/shakyshane/Sites/os-browser-sync/lib/snippet.js
FN:20,(anonymous_1)
FN:38,(anonymous_2)
FN:39,(anonymous_3)
FN:47,(anonymous_4)
FN:58,(anonymous_5)
FN:69,(anonymous_6)
FN:70,(anonymous_7)
FN:86,(anonymous_8)
FN:103,(anonymous_9)
FNF:9
FNH:9
FNDA:33,(anonymous_1)
FNDA:40,(anonymous_2)
FNDA:14,(anonymous_3)
FNDA:40,(anonymous_4)
FNDA:34,(anonymous_5)
FNDA:2,(anonymous_6)
FNDA:3,(anonymous_7)
FNDA:29,(anonymous_8)
FNDA:50,(anonymous_9)
DA:3,1
DA:4,1
DA:6,1
DA:7,1
DA:8,1
DA:9,1
DA:14,1
DA:22,33
DA:24,33
DA:26,22
DA:27,3
DA:29,19
DA:30,19
DA:32,11
DA:39,40
DA:40,14
DA:48,40
DA:60,34
DA:62,34
DA:70,2
DA:71,3
DA:72,1
DA:73,1
DA:74,1
DA:75,1
DA:77,2
DA:87,29
DA:88,29
DA:89,29
DA:90,3
DA:91,3
DA:92,1
DA:96,29
DA:105,50
DA:107,50
DA:110,1
LF:36
LH:36
BRDA:24,1,0,22
BRDA:24,1,1,11
BRDA:26,2,0,3
BRDA:26,2,1,19
BRDA:71,3,0,1
BRDA:71,3,1,2
BRDA:89,4,0,3
BRDA:89,4,1,26
BRDA:90,5,0,3
BRDA:90,5,1,0
BRDA:91,6,0,1
BRDA:91,6,1,2
BRF:12
BRH:11
end_of_record
TN:
SF:/Users/shakyshane/Sites/os-browser-sync/lib/messages.js
FN:15,(anonymous_1)
FN:17,getPath
FN:49,(anonymous_3)
FN:76,(anonymous_4)
FNF:4
FNH:4
FNDA:87,(anonymous_1)
FNDA:86,getPath
FNDA:52,(anonymous_3)
FNDA:149,(anonymous_4)
DA:3,1
DA:4,1
DA:6,1
DA:7,1
DA:9,1
DA:17,1
DA:18,86
DA:21,87
DA:22,87
DA:23,87
DA:25,87
DA:27,87
DA:29,87
DA:30,1
DA:32,86
DA:35,87
DA:36,1
DA:39,87
DA:42,87
DA:51,52
DA:52,52
DA:55,52
DA:56,25
DA:58,27
DA:61,52
DA:62,52
DA:63,52
DA:64,52
DA:66,52
DA:70,52
DA:78,149
DA:79,149
DA:80,149
DA:82,149
DA:84,149
DA:85,61
DA:91,88
DA:95,1
LF:38
LH:38
BRDA:29,1,0,1
BRDA:29,1,1,86
BRDA:29,2,0,87
BRDA:29,2,1,1
BRDA:35,3,0,1
BRDA:35,3,1,86
BRDA:55,4,0,25
BRDA:55,4,1,27
BRDA:55,5,0,52
BRDA:55,5,1,27
BRDA:78,6,0,149
BRDA:78,6,1,125
BRDA:78,6,2,24
BRDA:84,7,0,61
BRDA:84,7,1,88
BRF:15
BRH:15
end_of_record
TN:
SF:/Users/shakyshane/Sites/os-browser-sync/lib/config.js
FNF:0
FNH:0
DA:1,1
DA:5,1
LF:2
LH:2
BRF:0
BRH:0
end_of_record
TN:
SF:/Users/shakyshane/Sites/os-browser-sync/lib/logger.js
FN:21,(anonymous_1)
FN:22,(anonymous_2)
FN:37,(anonymous_3)
FN:45,(anonymous_4)
FN:54,(anonymous_5)
FN:60,(anonymous_6)
FN:67,(anonymous_7)
FN:74,(anonymous_8)
FN:81,(anonymous_9)
FN:96,(anonymous_10)
FN:116,(anonymous_11)
FN:151,serveFiles
FN:155,logUrls
FN:156,(anonymous_14)
FN:168,(anonymous_15)
FN:177,(anonymous_16)
FNF:16
FNH:16
FNDA:1,(anonymous_1)
FNDA:1,(anonymous_2)
FNDA:52,(anonymous_3)
FNDA:8,(anonymous_4)
FNDA:1,(anonymous_5)
FNDA:3,(anonymous_6)
FNDA:1,(anonymous_7)
FNDA:1,(anonymous_8)
FNDA:1,(anonymous_9)
FNDA:2,(anonymous_10)
FNDA:52,(anonymous_11)
FNDA:25,serveFiles
FNDA:27,logUrls
FNDA:27,(anonymous_14)
FNDA:52,(anonymous_15)
FNDA:468,(anonymous_16)
DA:3,1
DA:4,1
DA:6,1
DA:8,1
DA:10,1
DA:15,1
DA:21,1
DA:22,1
DA:23,1
DA:24,1
DA:31,1
DA:38,52
DA:46,8
DA:47,6
DA:48,6
DA:55,1
DA:61,3
DA:68,1
DA:75,1
DA:83,1
DA:85,1
DA:98,2
DA:99,2
DA:100,2
DA:102,2
DA:103,2
DA:106,2
DA:118,52
DA:119,52
DA:120,52
DA:122,52
DA:124,25
DA:126,25
DA:127,24
DA:128,1
DA:130,23
DA:136,52
DA:138,2
DA:139,2
DA:140,2
DA:143,52
DA:145,25
DA:146,25
DA:151,1
DA:152,25
DA:155,1
DA:156,27
DA:157,27
DA:168,1
DA:171,52
DA:172,3
DA:174,49
DA:177,52
DA:178,468
LF:54
LH:54
BRDA:46,1,0,6
BRDA:46,1,1,2
BRDA:87,2,0,0
BRDA:87,2,1,1
BRDA:102,3,0,2
BRDA:102,3,1,0
BRDA:122,4,0,25
BRDA:122,4,1,27
BRDA:126,5,0,24
BRDA:126,5,1,1
BRDA:127,6,0,1
BRDA:127,6,1,23
BRDA:136,7,0,2
BRDA:136,7,1,50
BRDA:143,8,0,25
BRDA:143,8,1,27
BRDA:171,9,0,3
BRDA:171,9,1,49
BRF:18
BRH:16
end_of_record
TN:
SF:/Users/shakyshane/Sites/os-browser-sync/lib/sockets.js
FN:10,(anonymous_1)
FN:19,(anonymous_2)
FN:39,handleConnection
FN:59,handleClientEvent
FN:70,addGhostMode
FN:74,addEvent
FNF:6
FNH:6
FNDA:50,(anonymous_1)
FNDA:50,(anonymous_2)
FNDA:2,handleConnection
FNDA:1,handleClientEvent
FNDA:2,addGhostMode
FNDA:12,addEvent
DA:3,1
DA:4,1
DA:10,1
DA:11,50
DA:19,1
DA:21,50
DA:23,50
DA:26,50
DA:28,50
DA:33,50
DA:39,1
DA:42,2
DA:44,2
DA:47,2
DA:49,2
DA:59,1
DA:61,1
DA:63,1
DA:70,1
DA:72,2
DA:74,1
DA:76,12
DA:81,50
LF:23
LH:23
BRDA:42,1,0,2
BRDA:42,1,1,0
BRDA:61,2,0,1
BRDA:61,2,1,0
BRF:4
BRH:2
end_of_record
TN:
SF:/Users/shakyshane/Sites/os-browser-sync/lib/file-watcher.js
FN:10,(anonymous_1)
FN:17,(anonymous_2)
FN:21,(anonymous_3)
FNF:3
FNH:3
FNDA:52,(anonymous_1)
FNDA:12,(anonymous_2)
FNDA:1,(anonymous_3)
DA:3,1
DA:4,1
DA:10,1
DA:13,52
DA:15,52
DA:17,52
DA:19,12
DA:22,1
DA:23,1
DA:28,52
LF:10
LH:10
BRDA:13,1,0,52
BRDA:13,1,1,51
BRDA:13,1,2,51
BRF:3
BRH:3
end_of_record
TN:
SF:/Users/shakyshane/Sites/os-browser-sync/lib/server/index.js
FN:19,(anonymous_1)
FN:63,finished
FN:88,(anonymous_3)
FN:115,createServer
FN:132,(anonymous_5)
FN:166,createSnippetServer
FN:183,(anonymous_7)
FN:185,(anonymous_8)
FN:199,(anonymous_9)
FN:207,(anonymous_10)
FN:212,logError
FN:219,(anonymous_12)
FN:220,(anonymous_13)
FN:223,(anonymous_14)
FN:227,(anonymous_15)
FNF:15
FNH:14
FNDA:50,(anonymous_1)
FNDA:50,finished
FNDA:61,(anonymous_3)
FNDA:34,createServer
FNDA:26,(anonymous_5)
FNDA:25,createSnippetServer
FNDA:2,(anonymous_7)
FNDA:1,(anonymous_8)
FNDA:0,(anonymous_9)
FNDA:2,(anonymous_10)
FNDA:2,logError
FNDA:1,(anonymous_12)
FNDA:1,(anonymous_13)
FNDA:1,(anonymous_14)
FNDA:1,(anonymous_15)
DA:3,1
DA:4,1
DA:5,1
DA:6,1
DA:7,1
DA:8,1
DA:9,1
DA:10,1
DA:11,1
DA:12,1
DA:13,1
DA:14,1
DA:19,1
DA:21,50
DA:22,50
DA:23,50
DA:24,50
DA:26,50
DA:27,50
DA:28,50
DA:29,50
DA:31,50
DA:32,23
DA:35,50
DA:37,50
DA:39,48
DA:42,50
DA:44,2
DA:47,50
DA:48,50
DA:53,50
DA:54,25
DA:55,1
DA:57,24
DA:60,25
DA:63,1
DA:65,50
DA:66,1
DA:69,50
DA:78,50
DA:88,1
DA:90,61
DA:91,61
DA:93,61
DA:94,61
DA:96,61
DA:97,25
DA:100,36
DA:101,2
DA:104,34
DA:105,34
DA:115,1
DA:117,34
DA:118,34
DA:119,34
DA:121,34
DA:123,34
DA:125,34
DA:127,34
DA:128,34
DA:130,34
DA:132,34
DA:133,26
DA:134,26
DA:139,34
DA:140,2
DA:143,34
DA:145,34
DA:147,34
DA:148,1
DA:151,34
DA:152,2
DA:153,2
DA:154,2
DA:156,32
DA:166,1
DA:168,25
DA:169,25
DA:171,25
DA:174,25
DA:183,1
DA:185,2
DA:186,1
DA:187,1
DA:191,2
DA:207,1
DA:209,2
DA:210,2
DA:212,1
DA:213,2
DA:214,1
DA:215,1
DA:219,2
DA:220,1
DA:221,1
DA:224,1
DA:225,1
DA:228,1
DA:229,1
LF:99
LH:99
BRDA:22,1,0,50
BRDA:22,1,1,48
BRDA:23,2,0,50
BRDA:23,2,1,48
BRDA:24,3,0,50
BRDA:24,3,1,27
BRDA:26,4,0,50
BRDA:26,4,1,27
BRDA:27,5,0,50
BRDA:27,5,1,27
BRDA:31,6,0,23
BRDA:31,6,1,27
BRDA:32,7,0,23
BRDA:32,7,1,21
BRDA:37,8,0,48
BRDA:37,8,1,2
BRDA:37,9,0,50
BRDA:37,9,1,27
BRDA:39,10,0,23
BRDA:39,10,1,25
BRDA:42,11,0,2
BRDA:42,11,1,48
BRDA:47,12,0,50
BRDA:47,12,1,0
BRDA:53,13,0,25
BRDA:53,13,1,25
BRDA:53,14,0,50
BRDA:53,14,1,50
BRDA:53,14,2,27
BRDA:54,15,0,1
BRDA:54,15,1,24
BRDA:54,16,0,25
BRDA:54,16,1,1
BRDA:65,17,0,1
BRDA:65,17,1,49
BRDA:71,18,0,50
BRDA:71,18,1,0
BRDA:74,19,0,1
BRDA:74,19,1,49
BRDA:90,20,0,61
BRDA:90,20,1,59
BRDA:91,21,0,61
BRDA:91,21,1,27
BRDA:96,22,0,25
BRDA:96,22,1,36
BRDA:96,23,0,61
BRDA:96,23,1,59
BRDA:100,24,0,2
BRDA:100,24,1,34
BRDA:104,25,0,34
BRDA:104,25,1,0
BRDA:125,26,0,34
BRDA:125,26,1,29
BRDA:139,27,0,2
BRDA:139,27,1,32
BRDA:147,28,0,1
BRDA:147,28,1,33
BRDA:151,29,0,2
BRDA:151,29,1,32
BRDA:152,30,0,2
BRDA:152,30,1,2
BRDA:153,31,0,2
BRDA:153,31,1,2
BRDA:186,32,0,1
BRDA:186,32,1,0
BRDA:213,33,0,1
BRDA:213,33,1,1
BRDA:224,34,0,1
BRDA:224,34,1,0
BRDA:228,35,0,1
BRDA:228,35,1,0
BRF:71
BRH:65
end_of_record
TN:
SF:/Users/shakyshane/Sites/os-browser-sync/lib/server/utils.js
FN:16,(anonymous_1)
FN:22,(anonymous_2)
FN:37,(anonymous_3)
FN:58,(anonymous_4)
FN:85,(anonymous_5)
FN:88,(anonymous_6)
FN:102,(anonymous_7)
FN:104,(anonymous_8)
FN:117,(anonymous_9)
FN:127,(anonymous_10)
FN:128,(anonymous_11)
FNF:11
FNH:11
FNDA:4,(anonymous_1)
FNDA:10,(anonymous_2)
FNDA:4,(anonymous_3)
FNDA:19,(anonymous_4)
FNDA:34,(anonymous_5)
FNDA:9,(anonymous_6)
FNDA:37,(anonymous_7)
FNDA:11,(anonymous_8)
FNDA:4,(anonymous_9)
FNDA:1,(anonymous_10)
FNDA:2,(anonymous_11)
DA:3,1
DA:4,1
DA:5,1
DA:6,1
DA:7,1
DA:9,1
DA:18,4
DA:19,4
DA:20,4
DA:22,4
DA:24,10
DA:26,8
DA:28,8
DA:30,5
DA:31,5
DA:33,5
DA:37,5
DA:39,4
DA:40,4
DA:41,4
DA:46,10
DA:47,10
DA:60,19
DA:62,19
DA:63,6
DA:66,13
DA:67,1
DA:70,12
DA:71,1
DA:74,11
DA:75,1
DA:78,10
DA:87,34
DA:88,24
DA:89,9
DA:91,10
DA:92,1
DA:95,34
DA:103,37
DA:104,5
DA:105,11
DA:108,32
DA:109,32
DA:118,4
DA:119,1
DA:121,4
DA:128,1
DA:129,2
DA:130,2
LF:49
LH:49
BRDA:24,1,0,8
BRDA:24,1,1,2
BRDA:28,2,0,5
BRDA:28,2,1,3
BRDA:28,3,0,8
BRDA:28,3,1,6
BRDA:28,3,2,5
BRDA:46,4,0,10
BRDA:46,4,1,0
BRDA:60,5,0,19
BRDA:60,5,1,10
BRDA:62,6,0,6
BRDA:62,6,1,13
BRDA:66,7,0,1
BRDA:66,7,1,12
BRDA:66,8,0,13
BRDA:66,8,1,1
BRDA:70,9,0,1
BRDA:70,9,1,11
BRDA:70,10,0,12
BRDA:70,10,1,12
BRDA:70,10,2,12
BRDA:74,11,0,1
BRDA:74,11,1,10
BRDA:87,12,0,24
BRDA:87,12,1,10
BRDA:91,13,0,1
BRDA:91,13,1,9
BRDA:103,14,0,5
BRDA:103,14,1,32
BRDA:108,15,0,32
BRDA:108,15,1,0
BRDA:118,16,0,1
BRDA:118,16,1,3
BRDA:129,17,0,2
BRDA:129,17,1,0
BRDA:129,18,0,2
BRDA:129,18,1,2
BRF:38
BRH:35
end_of_record
TN:
SF:/Users/shakyshane/Sites/os-browser-sync/lib/tunnel.js
FN:11,(anonymous_1)
FN:22,(anonymous_2)
FNF:2
FNH:2
FNDA:2,(anonymous_1)
FNDA:2,(anonymous_2)
DA:3,1
DA:4,1
DA:11,1
DA:13,2
DA:14,2
DA:16,2
DA:17,1
DA:22,2
DA:23,2
DA:24,2
LF:10
LH:10
BRDA:16,1,0,1
BRDA:16,1,1,1
BRF:2
BRH:2
end_of_record
TN:
SF:/Users/shakyshane/Sites/os-browser-sync/lib/public/init.js
FN:14,(anonymous_1)
FN:16,(anonymous_2)
FNF:2
FNH:2
FNDA:1,(anonymous_1)
FNDA:52,(anonymous_2)
DA:3,1
DA:4,1
DA:6,1
DA:7,1
DA:14,1
DA:16,1
DA:18,52
DA:19,52
DA:21,52
DA:23,52
DA:24,26
DA:27,52
LF:12
LH:12
BRDA:21,1,0,52
BRDA:21,1,1,0
BRDA:23,2,0,26
BRDA:23,2,1,26
BRDA:23,3,0,52
BRDA:23,3,1,28
BRDA:27,4,0,52
BRDA:27,4,1,0
BRF:8
BRH:6
end_of_record
TN:
SF:/Users/shakyshane/Sites/os-browser-sync/lib/default-config.js
FNF:0
FNH:0
DA:4,1
LF:1
LH:1
BRF:0
BRH:0
end_of_record
TN:
SF:/Users/shakyshane/Sites/os-browser-sync/lib/cli/cli-options.js
FN:13,(anonymous_1)
FN:48,(anonymous_2)
FN:87,(anonymous_3)
FN:100,(anonymous_4)
FN:138,(anonymous_5)
FN:149,(anonymous_6)
FN:179,(anonymous_7)
FN:198,(anonymous_8)
FN:217,(anonymous_9)
FN:225,(anonymous_10)
FN:242,(anonymous_11)
FNF:11
FNH:11
FNDA:7,(anonymous_1)
FNDA:62,(anonymous_2)
FNDA:64,(anonymous_3)
FNDA:4,(anonymous_4)
FNDA:58,(anonymous_5)
FNDA:5,(anonymous_6)
FNDA:61,(anonymous_7)
FNDA:3,(anonymous_8)
FNDA:63,(anonymous_9)
FNDA:4,(anonymous_10)
FNDA:1,(anonymous_11)
DA:3,1
DA:4,1
DA:7,1
DA:14,7
DA:15,7
DA:16,7
DA:17,7
DA:20,7
DA:21,2
DA:24,5
DA:25,1
DA:28,5
DA:29,1
DA:33,7
DA:36,1
DA:39,1
DA:51,62
DA:52,31
DA:55,31
DA:56,21
DA:59,10
DA:63,10
DA:64,7
DA:67,10
DA:69,8
DA:70,2
DA:73,8
DA:74,1
DA:78,10
DA:89,64
DA:90,64
DA:91,64
DA:92,64
DA:93,64
DA:94,64
DA:96,64
DA:97,52
DA:100,12
DA:101,4
DA:102,4
DA:105,12
DA:106,7
DA:107,7
DA:108,7
DA:110,5
DA:113,12
DA:114,2
DA:115,2
DA:116,2
DA:119,12
DA:126,12
DA:127,2
DA:130,12
DA:139,58
DA:140,4
DA:142,54
DA:151,5
DA:152,5
DA:154,5
DA:156,2
DA:157,1
DA:158,1
DA:159,1
DA:161,1
DA:162,1
DA:165,2
DA:168,3
DA:181,61
DA:183,61
DA:184,2
DA:187,59
DA:188,1
DA:189,1
DA:192,58
DA:194,3
DA:196,1
DA:198,1
DA:199,3
DA:203,3
DA:204,1
DA:208,58
DA:219,63
DA:220,63
DA:222,63
DA:223,19
DA:224,5
DA:225,2
DA:226,4
DA:229,3
DA:232,14
DA:235,19
DA:237,1
DA:241,18
DA:242,1
DA:243,1
DA:249,63
LF:96
LH:96
BRDA:20,1,0,2
BRDA:20,1,1,5
BRDA:24,2,0,1
BRDA:24,2,1,4
BRDA:28,3,0,1
BRDA:28,3,1,4
BRDA:51,4,0,31
BRDA:51,4,1,31
BRDA:51,5,0,62
BRDA:51,5,1,31
BRDA:55,6,0,21
BRDA:55,6,1,10
BRDA:63,7,0,7
BRDA:63,7,1,3
BRDA:67,8,0,8
BRDA:67,8,1,2
BRDA:69,9,0,2
BRDA:69,9,1,6
BRDA:73,10,0,1
BRDA:73,10,1,7
BRDA:96,11,0,52
BRDA:96,11,1,12
BRDA:105,12,0,7
BRDA:105,12,1,5
BRDA:113,13,0,2
BRDA:113,13,1,10
BRDA:123,14,0,7
BRDA:123,14,1,5
BRDA:126,15,0,2
BRDA:126,15,1,10
BRDA:139,16,0,4
BRDA:139,16,1,54
BRDA:139,17,0,58
BRDA:139,17,1,4
BRDA:154,18,0,2
BRDA:154,18,1,3
BRDA:156,19,0,1
BRDA:156,19,1,1
BRDA:170,20,0,3
BRDA:170,20,1,2
BRDA:183,21,0,2
BRDA:183,21,1,59
BRDA:183,22,0,61
BRDA:183,22,1,60
BRDA:187,23,0,1
BRDA:187,23,1,58
BRDA:187,24,0,59
BRDA:187,24,1,59
BRDA:192,25,0,3
BRDA:192,25,1,55
BRDA:192,26,0,58
BRDA:192,26,1,4
BRDA:194,27,0,1
BRDA:194,27,1,2
BRDA:203,28,0,1
BRDA:203,28,1,2
BRDA:220,29,0,3
BRDA:220,29,1,60
BRDA:220,30,0,63
BRDA:220,30,1,58
BRDA:222,31,0,19
BRDA:222,31,1,44
BRDA:223,32,0,5
BRDA:223,32,1,14
BRDA:224,33,0,2
BRDA:224,33,1,3
BRDA:235,34,0,1
BRDA:235,34,1,18
BRDA:241,35,0,1
BRDA:241,35,1,17
BRF:70
BRH:70
end_of_record
TN:
SF:/Users/shakyshane/Sites/os-browser-sync/lib/public/reload.js
FN:8,(anonymous_1)
FN:12,emitReload
FN:20,emitBrowserReload
FN:24,emitInfo
FN:28,(anonymous_5)
FN:35,(anonymous_6)
FN:49,(anonymous_7)
FN:77,(anonymous_8)
FNF:8
FNH:8
FNDA:1,(anonymous_1)
FNDA:8,emitReload
FNDA:3,emitBrowserReload
FNDA:5,emitInfo
FNDA:9,(anonymous_5)
FNDA:2,(anonymous_6)
FNDA:8,(anonymous_7)
FNDA:5,(anonymous_8)
DA:3,1
DA:8,1
DA:10,1
DA:12,1
DA:13,8
DA:20,1
DA:21,3
DA:24,1
DA:25,5
DA:28,1
DA:30,9
DA:31,1
DA:34,8
DA:35,1
DA:36,2
DA:40,7
DA:43,5
DA:44,5
DA:45,5
DA:46,5
DA:47,5
DA:49,5
DA:51,8
DA:53,1
DA:55,1
DA:59,7
DA:63,5
DA:65,5
DA:66,5
DA:67,5
DA:72,8
DA:74,8
DA:77,5
DA:79,5
DA:81,5
DA:84,5
DA:87,2
LF:37
LH:37
BRDA:30,1,0,1
BRDA:30,1,1,8
BRDA:34,2,0,1
BRDA:34,2,1,7
BRDA:40,3,0,5
BRDA:40,3,1,2
BRDA:40,4,0,7
BRDA:40,4,1,5
BRDA:44,5,0,5
BRDA:44,5,1,4
BRDA:51,6,0,1
BRDA:51,6,1,7
BRDA:51,7,0,8
BRDA:51,7,1,3
BRDA:59,8,0,2
BRDA:59,8,1,5
BRDA:59,9,0,7
BRDA:59,9,1,2
BRDA:63,10,0,5
BRDA:63,10,1,0
BRF:20
BRH:19
end_of_record
TN:
SF:/Users/shakyshane/Sites/os-browser-sync/lib/public/notify.js
FN:7,(anonymous_1)
FN:9,(anonymous_2)
FNF:2
FNH:2
FNDA:1,(anonymous_1)
FNDA:4,(anonymous_2)
DA:7,1
DA:9,1
DA:11,4
DA:12,3
LF:4
LH:4
BRDA:11,1,0,3
BRDA:11,1,1,1
BRDA:14,2,0,3
BRDA:14,2,1,2
BRF:4
BRH:4
end_of_record
TN:
SF:/Users/shakyshane/Sites/os-browser-sync/lib/public/exit.js
FN:7,(anonymous_1)
FN:9,exit
FNF:2
FNH:2
FNDA:1,(anonymous_1)
FNDA:2,exit
DA:7,1
DA:9,1
DA:10,2
DA:11,1
DA:12,1
DA:14,2
DA:17,1
DA:19,1
LF:8
LH:8
BRDA:10,1,0,1
BRDA:10,1,1,1
BRF:2
BRH:2
end_of_record
TN:
SF:/Users/shakyshane/Sites/os-browser-sync/lib/cli/cli-info.js
FN:18,(anonymous_1)
FN:28,(anonymous_2)
FN:38,(anonymous_3)
FN:45,(anonymous_4)
FN:57,(anonymous_5)
FNF:5
FNH:5
FNDA:3,(anonymous_1)
FNDA:2,(anonymous_2)
FNDA:1,(anonymous_3)
FNDA:26,(anonymous_4)
FNDA:1,(anonymous_5)
DA:3,1
DA:4,1
DA:5,1
DA:6,1
DA:8,1
DA:9,1
DA:10,1
DA:12,1
DA:19,3
DA:20,3
DA:29,2
DA:30,2
DA:31,1
DA:33,1
DA:40,1
DA:41,1
DA:43,1
DA:45,1
DA:46,26
DA:47,24
DA:51,1
DA:53,1
DA:55,1
DA:57,1
DA:58,1
DA:59,1
DA:64,1
LF:27
LH:27
BRDA:30,1,0,1
BRDA:30,1,1,1
BRDA:46,2,0,24
BRDA:46,2,1,2
BRF:4
BRH:4
end_of_record
TN:
SF:/Users/shakyshane/Sites/os-browser-sync/lib/cli/cli-init.js
FN:18,(anonymous_1)
FN:41,(anonymous_2)
FN:47,(anonymous_3)
FN:57,(anonymous_4)
FN:76,(anonymous_5)
FNF:5
FNH:5
FNDA:3,(anonymous_1)
FNDA:3,(anonymous_2)
FNDA:54,(anonymous_3)
FNDA:1,(anonymous_4)
FNDA:1,(anonymous_5)
DA:3,1
DA:4,1
DA:5,1
DA:6,1
DA:8,1
DA:9,1
DA:11,1
DA:18,1
DA:20,3
DA:23,3
DA:24,2
DA:27,3
DA:29,3
DA:41,1
DA:43,3
DA:47,3
DA:48,54
DA:51,3
DA:54,3
DA:58,1
DA:61,3
DA:66,3
DA:68,3
DA:69,3
DA:76,1
DA:77,1
DA:78,1
DA:79,1
DA:80,1
DA:81,1
DA:82,1
DA:83,1
DA:84,1
DA:85,1
DA:86,1
DA:87,1
DA:88,1
LF:37
LH:37
BRDA:23,1,0,2
BRDA:23,1,1,1
BRDA:27,2,0,3
BRDA:27,2,1,1
BRDA:30,3,0,3
BRDA:30,3,1,0
BRDA:68,4,0,3
BRDA:68,4,1,0
BRF:8
BRH:6
end_of_record
TN:
SF:/Users/shakyshane/Sites/os-browser-sync/lib/cli/index.js
FNF:0
FNH:0
DA:3,1
LF:1
LH:1
BRF:0
BRH:0
end_of_record
TN:
SF:/Users/shakyshane/Sites/os-browser-sync/lib/args.js
FN:8,(anonymous_1)
FN:64,isFilesArg
FNF:2
FNH:2
FNDA:52,(anonymous_1)
FNDA:9,isFilesArg
DA:8,1
DA:10,52
DA:11,52
DA:13,52
DA:17,9
DA:19,1
DA:21,8
DA:23,2
DA:27,6
DA:31,9
DA:36,37
DA:38,36
DA:39,36
DA:43,1
DA:45,1
DA:46,1
DA:51,37
DA:55,6
DA:57,6
DA:58,5
DA:61,6
DA:64,1
DA:65,9
DA:68,52
LF:24
LH:24
BRDA:13,1,0,9
BRDA:13,1,1,37
BRDA:13,1,2,6
BRDA:17,2,0,1
BRDA:17,2,1,8
BRDA:21,3,0,2
BRDA:21,3,1,6
BRDA:36,4,0,36
BRDA:36,4,1,1
BRDA:38,5,0,36
BRDA:38,5,1,0
BRDA:43,6,0,1
BRDA:43,6,1,0
BRDA:45,7,0,1
BRDA:45,7,1,0
BRDA:55,8,0,6
BRDA:55,8,1,1
BRDA:57,9,0,5
BRDA:57,9,1,1
BRDA:65,10,0,9
BRDA:65,10,1,8
BRF:21
BRH:18
end_of_record
